{"/home/runner/work/videoStreamingService/videoStreamingService/apps/frontend/src/api/client.ts": {"path":"/home/runner/work/videoStreamingService/videoStreamingService/apps/frontend/src/api/client.ts","statementMap":{"0":{"start":{"line":4,"column":6},"end":{"line":13,"column":null}},"1":{"start":{"line":6,"column":2},"end":{"line":8,"column":null}},"2":{"start":{"line":7,"column":4},"end":{"line":7,"column":null}},"3":{"start":{"line":11,"column":20},"end":{"line":11,"column":33}},"4":{"start":{"line":12,"column":2},"end":{"line":12,"column":null}},"5":{"start":{"line":15,"column":27},"end":{"line":44,"column":null}},"6":{"start":{"line":19,"column":18},"end":{"line":19,"column":null}},"7":{"start":{"line":21,"column":19},"end":{"line":27,"column":null}},"8":{"start":{"line":29,"column":2},"end":{"line":32,"column":null}},"9":{"start":{"line":30,"column":22},"end":{"line":30,"column":null}},"10":{"start":{"line":31,"column":4},"end":{"line":31,"column":null}},"11":{"start":{"line":34,"column":22},"end":{"line":34,"column":null}},"12":{"start":{"line":35,"column":2},"end":{"line":37,"column":null}},"13":{"start":{"line":36,"column":4},"end":{"line":36,"column":null}},"14":{"start":{"line":39,"column":2},"end":{"line":43,"column":null}}},"fnMap":{"0":{"name":"(anonymous_0)","decl":{"start":{"line":4,"column":6},"end":{"line":4,"column":25}},"loc":{"start":{"line":4,"column":25},"end":{"line":13,"column":null}},"line":4},"1":{"name":"(anonymous_1)","decl":{"start":{"line":15,"column":27},"end":{"line":15,"column":null}},"loc":{"start":{"line":18,"column":17},"end":{"line":44,"column":null}},"line":18}},"branchMap":{"0":{"loc":{"start":{"line":6,"column":2},"end":{"line":8,"column":null}},"type":"if","locations":[{"start":{"line":6,"column":2},"end":{"line":8,"column":null}},{"start":{},"end":{}}],"line":6},"1":{"loc":{"start":{"line":17,"column":2},"end":{"line":17,"column":null}},"type":"default-arg","locations":[{"start":{"line":17,"column":25},"end":{"line":17,"column":null}}],"line":17},"2":{"loc":{"start":{"line":29,"column":2},"end":{"line":32,"column":null}},"type":"if","locations":[{"start":{"line":29,"column":2},"end":{"line":32,"column":null}},{"start":{},"end":{}}],"line":29},"3":{"loc":{"start":{"line":31,"column":20},"end":{"line":31,"column":73}},"type":"binary-expr","locations":[{"start":{"line":31,"column":20},"end":{"line":31,"column":33}},{"start":{"line":31,"column":33},"end":{"line":31,"column":73}}],"line":31},"4":{"loc":{"start":{"line":35,"column":2},"end":{"line":37,"column":null}},"type":"if","locations":[{"start":{"line":35,"column":2},"end":{"line":37,"column":null}},{"start":{},"end":{}}],"line":35}},"s":{"0":4,"1":6,"2":1,"3":5,"4":5,"5":4,"6":6,"7":6,"8":6,"9":2,"10":2,"11":4,"12":4,"13":3,"14":4},"f":{"0":6,"1":6},"b":{"0":[1,5],"1":[6],"2":[2,4],"3":[2,1],"4":[3,1]},"meta":{"lastBranch":5,"lastFunction":2,"lastStatement":15,"seen":{"s:4:6:13:Infinity":0,"f:4:6:4:25":0,"b:6:2:8:Infinity:undefined:undefined:undefined:undefined":0,"s:6:2:8:Infinity":1,"s:7:4:7:Infinity":2,"s:11:20:11:33":3,"s:12:2:12:Infinity":4,"s:15:27:44:Infinity":5,"f:15:27:15:Infinity":1,"b:17:25:17:Infinity":1,"s:19:18:19:Infinity":6,"s:21:19:27:Infinity":7,"b:29:2:32:Infinity:undefined:undefined:undefined:undefined":2,"s:29:2:32:Infinity":8,"s:30:22:30:Infinity":9,"s:31:4:31:Infinity":10,"b:31:20:31:33:31:33:31:73":3,"s:34:22:34:Infinity":11,"b:35:2:37:Infinity:undefined:undefined:undefined:undefined":4,"s:35:2:37:Infinity":12,"s:36:4:36:Infinity":13,"s:39:2:43:Infinity":14},"fnNames":{}}}
,"/home/runner/work/videoStreamingService/videoStreamingService/apps/frontend/src/components/common/RootErrorBoundary.tsx": {"path":"/home/runner/work/videoStreamingService/videoStreamingService/apps/frontend/src/components/common/RootErrorBoundary.tsx","statementMap":{"0":{"start":{"line":7,"column":6},"end":{"line":32,"column":null}},"1":{"start":{"line":8,"column":2},"end":{"line":17,"column":null}},"2":{"start":{"line":9,"column":4},"end":{"line":16,"column":null}},"3":{"start":{"line":19,"column":2},"end":{"line":25,"column":null}},"4":{"start":{"line":20,"column":4},"end":{"line":24,"column":null}},"5":{"start":{"line":27,"column":2},"end":{"line":31,"column":null}},"6":{"start":{"line":34,"column":13},"end":{"line":62,"column":null}},"7":{"start":{"line":35,"column":38},"end":{"line":35,"column":null}},"8":{"start":{"line":37,"column":2},"end":{"line":60,"column":null}},"9":{"start":{"line":57,"column":47},"end":{"line":57,"column":72}}},"fnMap":{"0":{"name":"(anonymous_0)","decl":{"start":{"line":7,"column":6},"end":{"line":7,"column":22}},"loc":{"start":{"line":7,"column":41},"end":{"line":32,"column":null}},"line":7},"1":{"name":"(anonymous_1)","decl":{"start":{"line":34,"column":13},"end":{"line":34,"column":34}},"loc":{"start":{"line":34,"column":68},"end":{"line":62,"column":null}},"line":34},"2":{"name":"(anonymous_2)","decl":{"start":{"line":57,"column":32},"end":{"line":57,"column":47}},"loc":{"start":{"line":57,"column":47},"end":{"line":57,"column":72}},"line":57}},"branchMap":{"0":{"loc":{"start":{"line":8,"column":2},"end":{"line":17,"column":null}},"type":"if","locations":[{"start":{"line":8,"column":2},"end":{"line":17,"column":null}},{"start":{},"end":{}}],"line":8},"1":{"loc":{"start":{"line":10,"column":15},"end":{"line":10,"column":null}},"type":"cond-expr","locations":[{"start":{"line":10,"column":38},"end":{"line":10,"column":46}},{"start":{"line":10,"column":46},"end":{"line":10,"column":null}}],"line":10},"2":{"loc":{"start":{"line":12,"column":8},"end":{"line":14,"column":null}},"type":"cond-expr","locations":[{"start":{"line":13,"column":12},"end":{"line":13,"column":null}},{"start":{"line":14,"column":12},"end":{"line":14,"column":null}}],"line":12},"3":{"loc":{"start":{"line":14,"column":12},"end":{"line":14,"column":null}},"type":"binary-expr","locations":[{"start":{"line":14,"column":12},"end":{"line":14,"column":32}},{"start":{"line":14,"column":32},"end":{"line":14,"column":null}}],"line":14},"4":{"loc":{"start":{"line":19,"column":2},"end":{"line":25,"column":null}},"type":"if","locations":[{"start":{"line":19,"column":2},"end":{"line":25,"column":null}},{"start":{},"end":{}}],"line":19},"5":{"loc":{"start":{"line":19,"column":6},"end":{"line":19,"column":62}},"type":"binary-expr","locations":[{"start":{"line":19,"column":6},"end":{"line":19,"column":29}},{"start":{"line":19,"column":29},"end":{"line":19,"column":38}},{"start":{"line":19,"column":38},"end":{"line":19,"column":62}}],"line":19},"6":{"loc":{"start":{"line":44,"column":7},"end":{"line":55,"column":null}},"type":"cond-expr","locations":[{"start":{"line":45,"column":8},"end":{"line":55,"column":null}},{"start":{"line":55,"column":10},"end":{"line":55,"column":null}}],"line":44}},"s":{"0":1,"1":5,"2":3,"3":2,"4":1,"5":1,"6":1,"7":5,"8":5,"9":1},"f":{"0":5,"1":5,"2":1},"b":{"0":[3,2],"1":[1,2],"2":[1,2],"3":[2,1],"4":[1,1],"5":[2,2,2],"6":[1,4]},"meta":{"lastBranch":7,"lastFunction":3,"lastStatement":10,"seen":{"s:7:6:32:Infinity":0,"f:7:6:7:22":0,"b:8:2:17:Infinity:undefined:undefined:undefined:undefined":0,"s:8:2:17:Infinity":1,"s:9:4:16:Infinity":2,"b:10:38:10:46:10:46:10:Infinity":1,"b:13:12:13:Infinity:14:12:14:Infinity":2,"b:14:12:14:32:14:32:14:Infinity":3,"b:19:2:25:Infinity:undefined:undefined:undefined:undefined":4,"s:19:2:25:Infinity":3,"b:19:6:19:29:19:29:19:38:19:38:19:62":5,"s:20:4:24:Infinity":4,"s:27:2:31:Infinity":5,"s:34:13:62:Infinity":6,"f:34:13:34:34":1,"s:35:38:35:Infinity":7,"s:37:2:60:Infinity":8,"b:45:8:55:Infinity:55:10:55:Infinity":6,"f:57:32:57:47":2,"s:57:47:57:72":9},"fnNames":{}}}
,"/home/runner/work/videoStreamingService/videoStreamingService/apps/frontend/src/components/header/Header.tsx": {"path":"/home/runner/work/videoStreamingService/videoStreamingService/apps/frontend/src/components/header/Header.tsx","statementMap":{"0":{"start":{"line":13,"column":13},"end":{"line":34,"column":null}},"1":{"start":{"line":18,"column":38},"end":{"line":18,"column":null}},"2":{"start":{"line":20,"column":2},"end":{"line":32,"column":null}}},"fnMap":{"0":{"name":"(anonymous_0)","decl":{"start":{"line":13,"column":13},"end":{"line":13,"column":23}},"loc":{"start":{"line":17,"column":19},"end":{"line":34,"column":null}},"line":17}},"branchMap":{},"s":{"0":3,"1":9,"2":9},"f":{"0":9},"b":{},"meta":{"lastBranch":0,"lastFunction":1,"lastStatement":3,"seen":{"s:13:13:34:Infinity":0,"f:13:13:13:23":0,"s:18:38:18:Infinity":1,"s:20:2:32:Infinity":2},"fnNames":{}}}
,"/home/runner/work/videoStreamingService/videoStreamingService/apps/frontend/src/components/header/HeaderActions.tsx": {"path":"/home/runner/work/videoStreamingService/videoStreamingService/apps/frontend/src/components/header/HeaderActions.tsx","statementMap":{"0":{"start":{"line":8,"column":6},"end":{"line":20,"column":null}},"1":{"start":{"line":9,"column":2},"end":{"line":18,"column":null}},"2":{"start":{"line":22,"column":6},"end":{"line":57,"column":null}},"3":{"start":{"line":31,"column":2},"end":{"line":55,"column":null}},"4":{"start":{"line":41,"column":23},"end":{"line":41,"column":null}},"5":{"start":{"line":41,"column":56},"end":{"line":41,"column":61}},"6":{"start":{"line":49,"column":23},"end":{"line":49,"column":null}},"7":{"start":{"line":51,"column":10},"end":{"line":51,"column":null}},"8":{"start":{"line":52,"column":10},"end":{"line":52,"column":null}},"9":{"start":{"line":59,"column":13},"end":{"line":83,"column":null}},"10":{"start":{"line":70,"column":2},"end":{"line":81,"column":null}}},"fnMap":{"0":{"name":"(anonymous_0)","decl":{"start":{"line":8,"column":6},"end":{"line":8,"column":18}},"loc":{"start":{"line":8,"column":71},"end":{"line":20,"column":null}},"line":8},"1":{"name":"(anonymous_1)","decl":{"start":{"line":22,"column":6},"end":{"line":22,"column":22}},"loc":{"start":{"line":30,"column":6},"end":{"line":57,"column":null}},"line":30},"2":{"name":"(anonymous_2)","decl":{"start":{"line":41,"column":8},"end":{"line":41,"column":23}},"loc":{"start":{"line":41,"column":23},"end":{"line":41,"column":null}},"line":41},"3":{"name":"(anonymous_3)","decl":{"start":{"line":41,"column":23},"end":{"line":41,"column":38}},"loc":{"start":{"line":41,"column":56},"end":{"line":41,"column":61}},"line":41},"4":{"name":"(anonymous_4)","decl":{"start":{"line":49,"column":8},"end":{"line":49,"column":23}},"loc":{"start":{"line":49,"column":23},"end":{"line":49,"column":null}},"line":49},"5":{"name":"(anonymous_5)","decl":{"start":{"line":50,"column":8},"end":{"line":50,"column":24}},"loc":{"start":{"line":50,"column":24},"end":{"line":53,"column":null}},"line":50},"6":{"name":"(anonymous_6)","decl":{"start":{"line":59,"column":13},"end":{"line":59,"column":30}},"loc":{"start":{"line":69,"column":6},"end":{"line":83,"column":null}},"line":69}},"branchMap":{"0":{"loc":{"start":{"line":72,"column":7},"end":{"line":79,"column":null}},"type":"cond-expr","locations":[{"start":{"line":73,"column":8},"end":{"line":79,"column":9}},{"start":{"line":79,"column":8},"end":{"line":79,"column":null}}],"line":72}},"s":{"0":4,"1":5,"2":4,"3":7,"4":1,"5":1,"6":1,"7":1,"8":1,"9":4,"10":12},"f":{"0":5,"1":7,"2":1,"3":1,"4":1,"5":1,"6":12},"b":{"0":[7,5]},"meta":{"lastBranch":1,"lastFunction":7,"lastStatement":11,"seen":{"s:8:6:20:Infinity":0,"f:8:6:8:18":0,"s:9:2:18:Infinity":1,"s:22:6:57:Infinity":2,"f:22:6:22:22":1,"s:31:2:55:Infinity":3,"f:41:8:41:23":2,"s:41:23:41:Infinity":4,"f:41:23:41:38":3,"s:41:56:41:61":5,"f:49:8:49:23":4,"s:49:23:49:Infinity":6,"f:50:8:50:24":5,"s:51:10:51:Infinity":7,"s:52:10:52:Infinity":8,"s:59:13:83:Infinity":9,"f:59:13:59:30":6,"s:70:2:81:Infinity":10,"b:73:8:79:9:79:8:79:Infinity":0},"fnNames":{}}}
,"/home/runner/work/videoStreamingService/videoStreamingService/apps/frontend/src/components/header/HeaderSearch.tsx": {"path":"/home/runner/work/videoStreamingService/videoStreamingService/apps/frontend/src/components/header/HeaderSearch.tsx","statementMap":{"0":{"start":{"line":6,"column":13},"end":{"line":32,"column":null}},"1":{"start":{"line":7,"column":2},"end":{"line":32,"column":null}}},"fnMap":{"0":{"name":"(anonymous_0)","decl":{"start":{"line":6,"column":13},"end":{"line":6,"column":null}},"loc":{"start":{"line":7,"column":2},"end":{"line":32,"column":null}},"line":7}},"branchMap":{},"s":{"0":4,"1":10},"f":{"0":10},"b":{},"meta":{"lastBranch":0,"lastFunction":1,"lastStatement":2,"seen":{"s:6:13:32:Infinity":0,"f:6:13:6:Infinity":0,"s:7:2:32:Infinity":1},"fnNames":{}}}
,"/home/runner/work/videoStreamingService/videoStreamingService/apps/frontend/src/components/header/UserMenuAccountGroup.tsx": {"path":"/home/runner/work/videoStreamingService/videoStreamingService/apps/frontend/src/components/header/UserMenuAccountGroup.tsx","statementMap":{"0":{"start":{"line":3,"column":13},"end":{"line":39,"column":null}},"1":{"start":{"line":10,"column":2},"end":{"line":39,"column":null}},"2":{"start":{"line":31,"column":8},"end":{"line":31,"column":null}},"3":{"start":{"line":32,"column":8},"end":{"line":32,"column":null}}},"fnMap":{"0":{"name":"(anonymous_0)","decl":{"start":{"line":3,"column":13},"end":{"line":3,"column":29}},"loc":{"start":{"line":10,"column":2},"end":{"line":39,"column":null}},"line":10},"1":{"name":"(anonymous_1)","decl":{"start":{"line":30,"column":6},"end":{"line":30,"column":21}},"loc":{"start":{"line":30,"column":21},"end":{"line":33,"column":null}},"line":30}},"branchMap":{},"s":{"0":6,"1":3,"2":2,"3":2},"f":{"0":3,"1":2},"b":{},"meta":{"lastBranch":0,"lastFunction":2,"lastStatement":4,"seen":{"s:3:13:39:Infinity":0,"f:3:13:3:29":0,"s:10:2:39:Infinity":1,"f:30:6:30:21":1,"s:31:8:31:Infinity":2,"s:32:8:32:Infinity":3},"fnNames":{}}}
,"/home/runner/work/videoStreamingService/videoStreamingService/apps/frontend/src/components/header/UserMenuDropdown.tsx": {"path":"/home/runner/work/videoStreamingService/videoStreamingService/apps/frontend/src/components/header/UserMenuDropdown.tsx","statementMap":{"0":{"start":{"line":13,"column":6},"end":{"line":28,"column":null}},"1":{"start":{"line":14,"column":2},"end":{"line":28,"column":null}},"2":{"start":{"line":31,"column":13},"end":{"line":62,"column":null}},"3":{"start":{"line":36,"column":2},"end":{"line":38,"column":null}},"4":{"start":{"line":37,"column":4},"end":{"line":37,"column":null}},"5":{"start":{"line":40,"column":2},"end":{"line":60,"column":null}},"6":{"start":{"line":46,"column":10},"end":{"line":48,"column":null}},"7":{"start":{"line":47,"column":12},"end":{"line":47,"column":null}}},"fnMap":{"0":{"name":"(anonymous_0)","decl":{"start":{"line":13,"column":6},"end":{"line":13,"column":null}},"loc":{"start":{"line":14,"column":2},"end":{"line":28,"column":null}},"line":14},"1":{"name":"(anonymous_1)","decl":{"start":{"line":31,"column":13},"end":{"line":31,"column":33}},"loc":{"start":{"line":35,"column":29},"end":{"line":62,"column":null}},"line":35},"2":{"name":"(anonymous_2)","decl":{"start":{"line":45,"column":8},"end":{"line":45,"column":20}},"loc":{"start":{"line":45,"column":26},"end":{"line":49,"column":null}},"line":45}},"branchMap":{"0":{"loc":{"start":{"line":36,"column":2},"end":{"line":38,"column":null}},"type":"if","locations":[{"start":{"line":36,"column":2},"end":{"line":38,"column":null}},{"start":{},"end":{}}],"line":36},"1":{"loc":{"start":{"line":46,"column":10},"end":{"line":48,"column":null}},"type":"if","locations":[{"start":{"line":46,"column":10},"end":{"line":48,"column":null}},{"start":{},"end":{}}],"line":46}},"s":{"0":5,"1":2,"2":5,"3":9,"4":7,"5":2,"6":2,"7":1},"f":{"0":2,"1":9,"2":2},"b":{"0":[7,2],"1":[1,1]},"meta":{"lastBranch":2,"lastFunction":3,"lastStatement":8,"seen":{"s:13:6:28:Infinity":0,"f:13:6:13:Infinity":0,"s:14:2:28:Infinity":1,"s:31:13:62:Infinity":2,"f:31:13:31:33":1,"b:36:2:38:Infinity:undefined:undefined:undefined:undefined":0,"s:36:2:38:Infinity":3,"s:37:4:37:Infinity":4,"s:40:2:60:Infinity":5,"f:45:8:45:20":2,"b:46:10:48:Infinity:undefined:undefined:undefined:undefined":1,"s:46:10:48:Infinity":6,"s:47:12:47:Infinity":7},"fnNames":{}}}
,"/home/runner/work/videoStreamingService/videoStreamingService/apps/frontend/src/components/header/UserMenuSettingsGroup.tsx": {"path":"/home/runner/work/videoStreamingService/videoStreamingService/apps/frontend/src/components/header/UserMenuSettingsGroup.tsx","statementMap":{"0":{"start":{"line":18,"column":60},"end":{"line":21,"column":null}},"1":{"start":{"line":23,"column":78},"end":{"line":30,"column":null}},"2":{"start":{"line":32,"column":58},"end":{"line":35,"column":null}},"3":{"start":{"line":37,"column":13},"end":{"line":68,"column":null}},"4":{"start":{"line":38,"column":2},"end":{"line":68,"column":null}},"5":{"start":{"line":41,"column":8},"end":{"line":48,"column":null}},"6":{"start":{"line":53,"column":8},"end":{"line":65,"column":null}},"7":{"start":{"line":71,"column":13},"end":{"line":94,"column":null}},"8":{"start":{"line":72,"column":2},"end":{"line":94,"column":null}},"9":{"start":{"line":84,"column":8},"end":{"line":91,"column":null}}},"fnMap":{"0":{"name":"(anonymous_0)","decl":{"start":{"line":37,"column":13},"end":{"line":37,"column":null}},"loc":{"start":{"line":38,"column":2},"end":{"line":68,"column":null}},"line":38},"1":{"name":"(anonymous_1)","decl":{"start":{"line":40,"column":20},"end":{"line":40,"column":25}},"loc":{"start":{"line":41,"column":8},"end":{"line":48,"column":null}},"line":41},"2":{"name":"(anonymous_2)","decl":{"start":{"line":52,"column":18},"end":{"line":52,"column":23}},"loc":{"start":{"line":53,"column":8},"end":{"line":65,"column":null}},"line":53},"3":{"name":"(anonymous_3)","decl":{"start":{"line":71,"column":13},"end":{"line":71,"column":null}},"loc":{"start":{"line":72,"column":2},"end":{"line":94,"column":null}},"line":72},"4":{"name":"(anonymous_4)","decl":{"start":{"line":83,"column":18},"end":{"line":83,"column":23}},"loc":{"start":{"line":84,"column":8},"end":{"line":91,"column":null}},"line":84}},"branchMap":{"0":{"loc":{"start":{"line":62,"column":11},"end":{"line":64,"column":null}},"type":"cond-expr","locations":[{"start":{"line":63,"column":12},"end":{"line":64,"column":null}},{"start":{"line":64,"column":14},"end":{"line":64,"column":null}}],"line":62}},"s":{"0":6,"1":6,"2":6,"3":6,"4":3,"5":6,"6":18,"7":6,"8":3,"9":6},"f":{"0":3,"1":6,"2":18,"3":3,"4":6},"b":{"0":[12,6]},"meta":{"lastBranch":1,"lastFunction":5,"lastStatement":10,"seen":{"s:18:60:21:Infinity":0,"s:23:78:30:Infinity":1,"s:32:58:35:Infinity":2,"s:37:13:68:Infinity":3,"f:37:13:37:Infinity":0,"s:38:2:68:Infinity":4,"f:40:20:40:25":1,"s:41:8:48:Infinity":5,"f:52:18:52:23":2,"s:53:8:65:Infinity":6,"b:63:12:64:Infinity:64:14:64:Infinity":0,"s:71:13:94:Infinity":7,"f:71:13:71:Infinity":3,"s:72:2:94:Infinity":8,"f:83:18:83:23":4,"s:84:8:91:Infinity":9},"fnNames":{}}}
,"/home/runner/work/videoStreamingService/videoStreamingService/apps/frontend/src/components/header/headerLeft.tsx": {"path":"/home/runner/work/videoStreamingService/videoStreamingService/apps/frontend/src/components/header/headerLeft.tsx","statementMap":{"0":{"start":{"line":5,"column":13},"end":{"line":25,"column":null}},"1":{"start":{"line":10,"column":2},"end":{"line":25,"column":null}}},"fnMap":{"0":{"name":"(anonymous_0)","decl":{"start":{"line":5,"column":13},"end":{"line":5,"column":27}},"loc":{"start":{"line":10,"column":2},"end":{"line":25,"column":null}},"line":10}},"branchMap":{},"s":{"0":4,"1":10},"f":{"0":10},"b":{},"meta":{"lastBranch":0,"lastFunction":1,"lastStatement":2,"seen":{"s:5:13:25:Infinity":0,"f:5:13:5:27":0,"s:10:2:25:Infinity":1},"fnNames":{}}}
,"/home/runner/work/videoStreamingService/videoStreamingService/apps/frontend/src/components/sidebar/Sidebar.tsx": {"path":"/home/runner/work/videoStreamingService/videoStreamingService/apps/frontend/src/components/sidebar/Sidebar.tsx","statementMap":{"0":{"start":{"line":10,"column":13},"end":{"line":22,"column":null}},"1":{"start":{"line":15,"column":2},"end":{"line":17,"column":null}},"2":{"start":{"line":16,"column":4},"end":{"line":16,"column":null}},"3":{"start":{"line":19,"column":2},"end":{"line":20,"column":null}}},"fnMap":{"0":{"name":"(anonymous_0)","decl":{"start":{"line":10,"column":13},"end":{"line":10,"column":24}},"loc":{"start":{"line":14,"column":20},"end":{"line":22,"column":null}},"line":14}},"branchMap":{"0":{"loc":{"start":{"line":15,"column":2},"end":{"line":17,"column":null}},"type":"if","locations":[{"start":{"line":15,"column":2},"end":{"line":17,"column":null}},{"start":{},"end":{}}],"line":15}},"s":{"0":2,"1":5,"2":2,"3":3},"f":{"0":5},"b":{"0":[2,3]},"meta":{"lastBranch":1,"lastFunction":1,"lastStatement":4,"seen":{"s:10:13:22:Infinity":0,"f:10:13:10:24":0,"b:15:2:17:Infinity:undefined:undefined:undefined:undefined":0,"s:15:2:17:Infinity":1,"s:16:4:16:Infinity":2,"s:19:2:20:Infinity":3},"fnNames":{}}}
,"/home/runner/work/videoStreamingService/videoStreamingService/apps/frontend/src/components/sidebar/SidebarCollapsed.tsx": {"path":"/home/runner/work/videoStreamingService/videoStreamingService/apps/frontend/src/components/sidebar/SidebarCollapsed.tsx","statementMap":{"0":{"start":{"line":5,"column":13},"end":{"line":35,"column":null}},"1":{"start":{"line":6,"column":2},"end":{"line":35,"column":null}}},"fnMap":{"0":{"name":"(anonymous_0)","decl":{"start":{"line":5,"column":13},"end":{"line":5,"column":null}},"loc":{"start":{"line":6,"column":2},"end":{"line":35,"column":null}},"line":6}},"branchMap":{},"s":{"0":3,"1":3},"f":{"0":3},"b":{},"meta":{"lastBranch":0,"lastFunction":1,"lastStatement":2,"seen":{"s:5:13:35:Infinity":0,"f:5:13:5:Infinity":0,"s:6:2:35:Infinity":1},"fnNames":{}}}
,"/home/runner/work/videoStreamingService/videoStreamingService/apps/frontend/src/components/sidebar/SidebarExpanded.tsx": {"path":"/home/runner/work/videoStreamingService/videoStreamingService/apps/frontend/src/components/sidebar/SidebarExpanded.tsx","statementMap":{"0":{"start":{"line":15,"column":6},"end":{"line":29,"column":null}},"1":{"start":{"line":16,"column":2},"end":{"line":29,"column":null}},"2":{"start":{"line":32,"column":6},"end":{"line":41,"column":null}},"3":{"start":{"line":33,"column":2},"end":{"line":41,"column":null}},"4":{"start":{"line":44,"column":6},"end":{"line":58,"column":null}},"5":{"start":{"line":45,"column":2},"end":{"line":58,"column":null}},"6":{"start":{"line":61,"column":13},"end":{"line":82,"column":null}},"7":{"start":{"line":68,"column":2},"end":{"line":82,"column":null}}},"fnMap":{"0":{"name":"(anonymous_0)","decl":{"start":{"line":15,"column":6},"end":{"line":15,"column":null}},"loc":{"start":{"line":16,"column":2},"end":{"line":29,"column":null}},"line":16},"1":{"name":"(anonymous_1)","decl":{"start":{"line":32,"column":6},"end":{"line":32,"column":null}},"loc":{"start":{"line":33,"column":2},"end":{"line":41,"column":null}},"line":33},"2":{"name":"(anonymous_2)","decl":{"start":{"line":44,"column":6},"end":{"line":44,"column":null}},"loc":{"start":{"line":45,"column":2},"end":{"line":58,"column":null}},"line":45},"3":{"name":"(anonymous_3)","decl":{"start":{"line":61,"column":13},"end":{"line":61,"column":32}},"loc":{"start":{"line":68,"column":2},"end":{"line":82,"column":null}},"line":68}},"branchMap":{"0":{"loc":{"start":{"line":72,"column":5},"end":{"line":76,"column":null}},"type":"binary-expr","locations":[{"start":{"line":72,"column":5},"end":{"line":72,"column":null}},{"start":{"line":73,"column":6},"end":{"line":76,"column":null}}],"line":72}},"s":{"0":3,"1":5,"2":3,"3":5,"4":3,"5":5,"6":3,"7":5},"f":{"0":5,"1":5,"2":5,"3":5},"b":{"0":[5,2]},"meta":{"lastBranch":1,"lastFunction":4,"lastStatement":8,"seen":{"s:15:6:29:Infinity":0,"f:15:6:15:Infinity":0,"s:16:2:29:Infinity":1,"s:32:6:41:Infinity":2,"f:32:6:32:Infinity":1,"s:33:2:41:Infinity":3,"s:44:6:58:Infinity":4,"f:44:6:44:Infinity":2,"s:45:2:58:Infinity":5,"s:61:13:82:Infinity":6,"f:61:13:61:32":3,"s:68:2:82:Infinity":7,"b:72:5:72:Infinity:73:6:76:Infinity":0},"fnNames":{}}}
,"/home/runner/work/videoStreamingService/videoStreamingService/apps/frontend/src/components/sidebar/SidebarSubscriptions.tsx": {"path":"/home/runner/work/videoStreamingService/videoStreamingService/apps/frontend/src/components/sidebar/SidebarSubscriptions.tsx","statementMap":{"0":{"start":{"line":5,"column":13},"end":{"line":39,"column":null}},"1":{"start":{"line":6,"column":2},"end":{"line":37,"column":null}}},"fnMap":{"0":{"name":"(anonymous_0)","decl":{"start":{"line":5,"column":13},"end":{"line":5,"column":42}},"loc":{"start":{"line":5,"column":42},"end":{"line":39,"column":null}},"line":5}},"branchMap":{},"s":{"0":4,"1":3},"f":{"0":3},"b":{},"meta":{"lastBranch":0,"lastFunction":1,"lastStatement":2,"seen":{"s:5:13:39:Infinity":0,"f:5:13:5:42":0,"s:6:2:37:Infinity":1},"fnNames":{}}}
,"/home/runner/work/videoStreamingService/videoStreamingService/apps/frontend/src/components/sidebar/SidebarUserSection.tsx": {"path":"/home/runner/work/videoStreamingService/videoStreamingService/apps/frontend/src/components/sidebar/SidebarUserSection.tsx","statementMap":{"0":{"start":{"line":5,"column":6},"end":{"line":22,"column":null}},"1":{"start":{"line":6,"column":2},"end":{"line":22,"column":null}},"2":{"start":{"line":25,"column":6},"end":{"line":43,"column":null}},"3":{"start":{"line":30,"column":2},"end":{"line":43,"column":null}},"4":{"start":{"line":46,"column":13},"end":{"line":58,"column":null}},"5":{"start":{"line":53,"column":2},"end":{"line":55,"column":null}},"6":{"start":{"line":54,"column":4},"end":{"line":54,"column":null}},"7":{"start":{"line":57,"column":2},"end":{"line":57,"column":null}}},"fnMap":{"0":{"name":"(anonymous_0)","decl":{"start":{"line":5,"column":6},"end":{"line":5,"column":null}},"loc":{"start":{"line":6,"column":2},"end":{"line":22,"column":null}},"line":6},"1":{"name":"(anonymous_1)","decl":{"start":{"line":25,"column":6},"end":{"line":25,"column":30}},"loc":{"start":{"line":30,"column":2},"end":{"line":43,"column":null}},"line":30},"2":{"name":"(anonymous_2)","decl":{"start":{"line":46,"column":13},"end":{"line":46,"column":35}},"loc":{"start":{"line":52,"column":6},"end":{"line":58,"column":null}},"line":52}},"branchMap":{"0":{"loc":{"start":{"line":53,"column":2},"end":{"line":55,"column":null}},"type":"if","locations":[{"start":{"line":53,"column":2},"end":{"line":55,"column":null}},{"start":{},"end":{}}],"line":53}},"s":{"0":4,"1":3,"2":4,"3":4,"4":4,"5":7,"6":3,"7":4},"f":{"0":3,"1":4,"2":7},"b":{"0":[3,4]},"meta":{"lastBranch":1,"lastFunction":3,"lastStatement":8,"seen":{"s:5:6:22:Infinity":0,"f:5:6:5:Infinity":0,"s:6:2:22:Infinity":1,"s:25:6:43:Infinity":2,"f:25:6:25:30":1,"s:30:2:43:Infinity":3,"s:46:13:58:Infinity":4,"f:46:13:46:35":2,"b:53:2:55:Infinity:undefined:undefined:undefined:undefined":0,"s:53:2:55:Infinity":5,"s:54:4:54:Infinity":6,"s:57:2:57:Infinity":7},"fnNames":{}}}
,"/home/runner/work/videoStreamingService/videoStreamingService/apps/frontend/src/feature/home/home.tsx": {"path":"/home/runner/work/videoStreamingService/videoStreamingService/apps/frontend/src/feature/home/home.tsx","statementMap":{"0":{"start":{"line":14,"column":6},"end":{"line":25,"column":null}},"1":{"start":{"line":15,"column":2},"end":{"line":25,"column":null}},"2":{"start":{"line":20,"column":10},"end":{"line":20,"column":null}},"3":{"start":{"line":28,"column":13},"end":{"line":59,"column":null}},"4":{"start":{"line":29,"column":38},"end":{"line":29,"column":null}},"5":{"start":{"line":30,"column":52},"end":{"line":30,"column":null}},"6":{"start":{"line":32,"column":30},"end":{"line":32,"column":null}},"7":{"start":{"line":34,"column":8},"end":{"line":36,"column":null}},"8":{"start":{"line":35,"column":4},"end":{"line":35,"column":null}},"9":{"start":{"line":35,"column":28},"end":{"line":35,"column":33}},"10":{"start":{"line":38,"column":8},"end":{"line":40,"column":null}},"11":{"start":{"line":39,"column":4},"end":{"line":39,"column":null}},"12":{"start":{"line":39,"column":35},"end":{"line":39,"column":40}},"13":{"start":{"line":42,"column":2},"end":{"line":57,"column":null}}},"fnMap":{"0":{"name":"(anonymous_0)","decl":{"start":{"line":14,"column":6},"end":{"line":14,"column":21}},"loc":{"start":{"line":15,"column":2},"end":{"line":25,"column":null}},"line":15},"1":{"name":"(anonymous_1)","decl":{"start":{"line":19,"column":16},"end":{"line":19,"column":21}},"loc":{"start":{"line":20,"column":10},"end":{"line":20,"column":null}},"line":20},"2":{"name":"(anonymous_2)","decl":{"start":{"line":28,"column":13},"end":{"line":28,"column":26}},"loc":{"start":{"line":28,"column":26},"end":{"line":59,"column":null}},"line":28},"3":{"name":"(anonymous_3)","decl":{"start":{"line":34,"column":8},"end":{"line":34,"column":34}},"loc":{"start":{"line":34,"column":34},"end":{"line":36,"column":null}},"line":34},"4":{"name":"(anonymous_4)","decl":{"start":{"line":35,"column":4},"end":{"line":35,"column":19}},"loc":{"start":{"line":35,"column":28},"end":{"line":35,"column":33}},"line":35},"5":{"name":"(anonymous_5)","decl":{"start":{"line":38,"column":8},"end":{"line":38,"column":36}},"loc":{"start":{"line":38,"column":36},"end":{"line":40,"column":null}},"line":38},"6":{"name":"(anonymous_6)","decl":{"start":{"line":39,"column":4},"end":{"line":39,"column":26}},"loc":{"start":{"line":39,"column":35},"end":{"line":39,"column":40}},"line":39}},"branchMap":{},"s":{"0":1,"1":3,"2":3,"3":1,"4":3,"5":3,"6":3,"7":3,"8":1,"9":1,"10":3,"11":1,"12":1,"13":3},"f":{"0":3,"1":3,"2":3,"3":1,"4":1,"5":1,"6":1},"b":{},"meta":{"lastBranch":0,"lastFunction":7,"lastStatement":14,"seen":{"s:14:6:25:Infinity":0,"f:14:6:14:21":0,"s:15:2:25:Infinity":1,"f:19:16:19:21":1,"s:20:10:20:Infinity":2,"s:28:13:59:Infinity":3,"f:28:13:28:26":2,"s:29:38:29:Infinity":4,"s:30:52:30:Infinity":5,"s:32:30:32:Infinity":6,"s:34:8:36:Infinity":7,"f:34:8:34:34":3,"s:35:4:35:Infinity":8,"f:35:4:35:19":4,"s:35:28:35:33":9,"s:38:8:40:Infinity":10,"f:38:8:38:36":5,"s:39:4:39:Infinity":11,"f:39:4:39:26":6,"s:39:35:39:40":12,"s:42:2:57:Infinity":13},"fnNames":{}}}
,"/home/runner/work/videoStreamingService/videoStreamingService/apps/frontend/src/feature/home/components/CategoryPills.tsx": {"path":"/home/runner/work/videoStreamingService/videoStreamingService/apps/frontend/src/feature/home/components/CategoryPills.tsx","statementMap":{"0":{"start":{"line":9,"column":13},"end":{"line":30,"column":null}},"1":{"start":{"line":10,"column":34},"end":{"line":10,"column":null}},"2":{"start":{"line":12,"column":2},"end":{"line":28,"column":null}},"3":{"start":{"line":15,"column":27},"end":{"line":15,"column":null}},"4":{"start":{"line":16,"column":8},"end":{"line":25,"column":null}},"5":{"start":{"line":21,"column":27},"end":{"line":21,"column":null}}},"fnMap":{"0":{"name":"(anonymous_0)","decl":{"start":{"line":9,"column":13},"end":{"line":9,"column":30}},"loc":{"start":{"line":9,"column":69},"end":{"line":30,"column":null}},"line":9},"1":{"name":"(anonymous_1)","decl":{"start":{"line":14,"column":18},"end":{"line":14,"column":23}},"loc":{"start":{"line":14,"column":36},"end":{"line":27,"column":7}},"line":14},"2":{"name":"(anonymous_2)","decl":{"start":{"line":21,"column":12},"end":{"line":21,"column":27}},"loc":{"start":{"line":21,"column":27},"end":{"line":21,"column":null}},"line":21}},"branchMap":{"0":{"loc":{"start":{"line":10,"column":51},"end":{"line":10,"column":73}},"type":"binary-expr","locations":[{"start":{"line":10,"column":51},"end":{"line":10,"column":68}},{"start":{"line":10,"column":68},"end":{"line":10,"column":73}}],"line":10},"1":{"loc":{"start":{"line":19,"column":21},"end":{"line":19,"column":null}},"type":"cond-expr","locations":[{"start":{"line":19,"column":34},"end":{"line":19,"column":46}},{"start":{"line":19,"column":46},"end":{"line":19,"column":null}}],"line":19}},"s":{"0":2,"1":6,"2":6,"3":6,"4":6,"5":1},"f":{"0":6,"1":6,"2":1},"b":{"0":[6,4],"1":[2,4]},"meta":{"lastBranch":2,"lastFunction":3,"lastStatement":6,"seen":{"s:9:13:30:Infinity":0,"f:9:13:9:30":0,"s:10:34:10:Infinity":1,"b:10:51:10:68:10:68:10:73":0,"s:12:2:28:Infinity":2,"f:14:18:14:23":1,"s:15:27:15:Infinity":3,"s:16:8:25:Infinity":4,"b:19:34:19:46:19:46:19:Infinity":1,"f:21:12:21:27":2,"s:21:27:21:Infinity":5},"fnNames":{}}}
,"/home/runner/work/videoStreamingService/videoStreamingService/apps/frontend/src/feature/home/components/ShortsSection.tsx": {"path":"/home/runner/work/videoStreamingService/videoStreamingService/apps/frontend/src/feature/home/components/ShortsSection.tsx","statementMap":{"0":{"start":{"line":13,"column":6},"end":{"line":28,"column":null}},"1":{"start":{"line":14,"column":2},"end":{"line":28,"column":null}},"2":{"start":{"line":31,"column":13},"end":{"line":42,"column":null}},"3":{"start":{"line":32,"column":2},"end":{"line":42,"column":null}},"4":{"start":{"line":39,"column":8},"end":{"line":39,"column":null}}},"fnMap":{"0":{"name":"(anonymous_0)","decl":{"start":{"line":13,"column":6},"end":{"line":13,"column":19}},"loc":{"start":{"line":14,"column":2},"end":{"line":28,"column":null}},"line":14},"1":{"name":"(anonymous_1)","decl":{"start":{"line":31,"column":13},"end":{"line":31,"column":30}},"loc":{"start":{"line":32,"column":2},"end":{"line":42,"column":null}},"line":32},"2":{"name":"(anonymous_2)","decl":{"start":{"line":38,"column":14},"end":{"line":38,"column":19}},"loc":{"start":{"line":39,"column":8},"end":{"line":39,"column":null}},"line":39}},"branchMap":{},"s":{"0":2,"1":2,"2":2,"3":4,"4":2},"f":{"0":2,"1":4,"2":2},"b":{},"meta":{"lastBranch":0,"lastFunction":3,"lastStatement":5,"seen":{"s:13:6:28:Infinity":0,"f:13:6:13:19":0,"s:14:2:28:Infinity":1,"s:31:13:42:Infinity":2,"f:31:13:31:30":1,"s:32:2:42:Infinity":3,"f:38:14:38:19":2,"s:39:8:39:Infinity":4},"fnNames":{}}}
,"/home/runner/work/videoStreamingService/videoStreamingService/apps/frontend/src/feature/home/components/VideoCard.tsx": {"path":"/home/runner/work/videoStreamingService/videoStreamingService/apps/frontend/src/feature/home/components/VideoCard.tsx","statementMap":{"0":{"start":{"line":11,"column":6},"end":{"line":24,"column":null}},"1":{"start":{"line":13,"column":4},"end":{"line":13,"column":null}},"2":{"start":{"line":15,"column":2},"end":{"line":22,"column":null}},"3":{"start":{"line":26,"column":13},"end":{"line":39,"column":null}},"4":{"start":{"line":27,"column":2},"end":{"line":39,"column":null}}},"fnMap":{"0":{"name":"(anonymous_0)","decl":{"start":{"line":11,"column":6},"end":{"line":11,"column":24}},"loc":{"start":{"line":11,"column":68},"end":{"line":24,"column":null}},"line":11},"1":{"name":"(anonymous_1)","decl":{"start":{"line":26,"column":13},"end":{"line":26,"column":26}},"loc":{"start":{"line":27,"column":2},"end":{"line":39,"column":null}},"line":27}},"branchMap":{"0":{"loc":{"start":{"line":13,"column":4},"end":{"line":13,"column":null}},"type":"cond-expr","locations":[{"start":{"line":13,"column":35},"end":{"line":13,"column":64}},{"start":{"line":13,"column":64},"end":{"line":13,"column":null}}],"line":13},"1":{"loc":{"start":{"line":13,"column":4},"end":{"line":13,"column":35}},"type":"binary-expr","locations":[{"start":{"line":13,"column":4},"end":{"line":13,"column":18}},{"start":{"line":13,"column":18},"end":{"line":13,"column":35}}],"line":13},"2":{"loc":{"start":{"line":17,"column":7},"end":{"line":20,"column":null}},"type":"binary-expr","locations":[{"start":{"line":17,"column":7},"end":{"line":17,"column":null}},{"start":{"line":18,"column":8},"end":{"line":20,"column":null}}],"line":17}},"s":{"0":2,"1":6,"2":6,"3":2,"4":6},"f":{"0":6,"1":6},"b":{"0":[4,2],"1":[6,4],"2":[6,4]},"meta":{"lastBranch":3,"lastFunction":2,"lastStatement":5,"seen":{"s:11:6:24:Infinity":0,"f:11:6:11:24":0,"s:13:4:13:Infinity":1,"b:13:35:13:64:13:64:13:Infinity":0,"b:13:4:13:18:13:18:13:35":1,"s:15:2:22:Infinity":2,"b:17:7:17:Infinity:18:8:20:Infinity":2,"s:26:13:39:Infinity":3,"f:26:13:26:26":1,"s:27:2:39:Infinity":4},"fnNames":{}}}
,"/home/runner/work/videoStreamingService/videoStreamingService/apps/frontend/src/feature/upload/formOptions.ts": {"path":"/home/runner/work/videoStreamingService/videoStreamingService/apps/frontend/src/feature/upload/formOptions.ts","statementMap":{"0":{"start":{"line":12,"column":38},"end":{"line":16,"column":null}},"1":{"start":{"line":18,"column":30},"end":{"line":23,"column":null}}},"fnMap":{},"branchMap":{},"s":{"0":4,"1":4},"f":{},"b":{},"meta":{"lastBranch":0,"lastFunction":0,"lastStatement":2,"seen":{"s:12:38:16:Infinity":0,"s:18:30:23:Infinity":1},"fnNames":{}}}
,"/home/runner/work/videoStreamingService/videoStreamingService/apps/frontend/src/feature/upload/layout.tsx": {"path":"/home/runner/work/videoStreamingService/videoStreamingService/apps/frontend/src/feature/upload/layout.tsx","statementMap":{"0":{"start":{"line":8,"column":6},"end":{"line":15,"column":null}},"1":{"start":{"line":9,"column":17},"end":{"line":9,"column":null}},"2":{"start":{"line":10,"column":2},"end":{"line":13,"column":null}}},"fnMap":{"0":{"name":"(anonymous_0)","decl":{"start":{"line":8,"column":6},"end":{"line":8,"column":21}},"loc":{"start":{"line":8,"column":21},"end":{"line":15,"column":null}},"line":8}},"branchMap":{},"s":{"0":1,"1":1,"2":1},"f":{"0":1},"b":{},"meta":{"lastBranch":0,"lastFunction":1,"lastStatement":3,"seen":{"s:8:6:15:Infinity":0,"f:8:6:8:21":0,"s:9:17:9:Infinity":1,"s:10:2:13:Infinity":2},"fnNames":{}}}
,"/home/runner/work/videoStreamingService/videoStreamingService/apps/frontend/src/feature/upload/upload.tsx": {"path":"/home/runner/work/videoStreamingService/videoStreamingService/apps/frontend/src/feature/upload/upload.tsx","statementMap":{"0":{"start":{"line":33,"column":6},"end":{"line":46,"column":null}},"1":{"start":{"line":39,"column":26},"end":{"line":43,"column":null}},"2":{"start":{"line":45,"column":2},"end":{"line":45,"column":null}},"3":{"start":{"line":48,"column":13},"end":{"line":82,"column":null}},"4":{"start":{"line":57,"column":6},"end":{"line":57,"column":21}},"5":{"start":{"line":59,"column":2},"end":{"line":80,"column":null}}},"fnMap":{"0":{"name":"(anonymous_0)","decl":{"start":{"line":33,"column":6},"end":{"line":33,"column":20}},"loc":{"start":{"line":38,"column":34},"end":{"line":46,"column":null}},"line":38},"1":{"name":"(anonymous_1)","decl":{"start":{"line":48,"column":13},"end":{"line":48,"column":28}},"loc":{"start":{"line":48,"column":28},"end":{"line":82,"column":null}},"line":48}},"branchMap":{},"s":{"0":1,"1":3,"2":3,"3":1,"4":3,"5":3},"f":{"0":3,"1":3},"b":{},"meta":{"lastBranch":0,"lastFunction":2,"lastStatement":6,"seen":{"s:33:6:46:Infinity":0,"f:33:6:33:20":0,"s:39:26:43:Infinity":1,"s:45:2:45:Infinity":2,"s:48:13:82:Infinity":3,"f:48:13:48:28":1,"s:57:6:57:21":4,"s:59:2:80:Infinity":5},"fnNames":{}}}
,"/home/runner/work/videoStreamingService/videoStreamingService/apps/frontend/src/feature/upload/uppy.ts": {"path":"/home/runner/work/videoStreamingService/videoStreamingService/apps/frontend/src/feature/upload/uppy.ts","statementMap":{"0":{"start":{"line":6,"column":13},"end":{"line":28,"column":null}},"1":{"start":{"line":7,"column":2},"end":{"line":27,"column":null}},"2":{"start":{"line":8,"column":18},"end":{"line":8,"column":null}},"3":{"start":{"line":9,"column":4},"end":{"line":9,"column":null}},"4":{"start":{"line":10,"column":16},"end":{"line":10,"column":null}},"5":{"start":{"line":12,"column":4},"end":{"line":19,"column":null}},"6":{"start":{"line":13,"column":6},"end":{"line":13,"column":null}},"7":{"start":{"line":14,"column":6},"end":{"line":18,"column":null}},"8":{"start":{"line":15,"column":8},"end":{"line":15,"column":null}},"9":{"start":{"line":17,"column":8},"end":{"line":17,"column":null}},"10":{"start":{"line":21,"column":4},"end":{"line":24,"column":null}},"11":{"start":{"line":22,"column":6},"end":{"line":22,"column":null}},"12":{"start":{"line":23,"column":6},"end":{"line":23,"column":null}},"13":{"start":{"line":26,"column":4},"end":{"line":26,"column":null}},"14":{"start":{"line":30,"column":13},"end":{"line":46,"column":null}},"15":{"start":{"line":31,"column":15},"end":{"line":33,"column":null}},"16":{"start":{"line":35,"column":2},"end":{"line":43,"column":null}},"17":{"start":{"line":36,"column":4},"end":{"line":42,"column":null}},"18":{"start":{"line":37,"column":6},"end":{"line":41,"column":null}},"19":{"start":{"line":38,"column":8},"end":{"line":40,"column":null}},"20":{"start":{"line":39,"column":10},"end":{"line":39,"column":null}},"21":{"start":{"line":45,"column":2},"end":{"line":45,"column":null}}},"fnMap":{"0":{"name":"(anonymous_0)","decl":{"start":{"line":6,"column":13},"end":{"line":6,"column":35}},"loc":{"start":{"line":6,"column":67},"end":{"line":28,"column":null}},"line":6},"1":{"name":"(anonymous_1)","decl":{"start":{"line":7,"column":13},"end":{"line":7,"column":22}},"loc":{"start":{"line":7,"column":34},"end":{"line":27,"column":3}},"line":7},"2":{"name":"(anonymous_2)","decl":{"start":{"line":12,"column":10},"end":{"line":12,"column":35}},"loc":{"start":{"line":12,"column":35},"end":{"line":19,"column":null}},"line":12},"3":{"name":"(anonymous_3)","decl":{"start":{"line":21,"column":10},"end":{"line":21,"column":26}},"loc":{"start":{"line":21,"column":26},"end":{"line":24,"column":null}},"line":21},"4":{"name":"(anonymous_4)","decl":{"start":{"line":30,"column":13},"end":{"line":30,"column":32}},"loc":{"start":{"line":30,"column":32},"end":{"line":46,"column":null}},"line":30},"5":{"name":"(anonymous_5)","decl":{"start":{"line":35,"column":10},"end":{"line":35,"column":25}},"loc":{"start":{"line":35,"column":34},"end":{"line":43,"column":3}},"line":35},"6":{"name":"(anonymous_6)","decl":{"start":{"line":37,"column":41},"end":{"line":37,"column":47}},"loc":{"start":{"line":37,"column":62},"end":{"line":41,"column":7}},"line":37}},"branchMap":{"0":{"loc":{"start":{"line":14,"column":6},"end":{"line":18,"column":null}},"type":"if","locations":[{"start":{"line":14,"column":6},"end":{"line":18,"column":null}},{"start":{"line":16,"column":13},"end":{"line":18,"column":null}}],"line":14},"1":{"loc":{"start":{"line":14,"column":10},"end":{"line":14,"column":56}},"type":"binary-expr","locations":[{"start":{"line":14,"column":10},"end":{"line":14,"column":36}},{"start":{"line":14,"column":36},"end":{"line":14,"column":56}}],"line":14},"2":{"loc":{"start":{"line":36,"column":4},"end":{"line":42,"column":null}},"type":"if","locations":[{"start":{"line":36,"column":4},"end":{"line":42,"column":null}},{"start":{},"end":{}}],"line":36},"3":{"loc":{"start":{"line":38,"column":8},"end":{"line":40,"column":null}},"type":"if","locations":[{"start":{"line":38,"column":8},"end":{"line":40,"column":null}},{"start":{},"end":{}}],"line":38}},"s":{"0":1,"1":5,"2":5,"3":5,"4":5,"5":5,"6":4,"7":4,"8":2,"9":2,"10":5,"11":1,"12":1,"13":5,"14":1,"15":2,"16":2,"17":4,"18":2,"19":2,"20":1,"21":2},"f":{"0":5,"1":5,"2":4,"3":1,"4":2,"5":4,"6":2},"b":{"0":[2,2],"1":[4,4],"2":[2,2],"3":[1,1]},"meta":{"lastBranch":4,"lastFunction":7,"lastStatement":22,"seen":{"s:6:13:28:Infinity":0,"f:6:13:6:35":0,"s:7:2:27:Infinity":1,"f:7:13:7:22":1,"s:8:18:8:Infinity":2,"s:9:4:9:Infinity":3,"s:10:16:10:Infinity":4,"s:12:4:19:Infinity":5,"f:12:10:12:35":2,"s:13:6:13:Infinity":6,"b:14:6:18:Infinity:16:13:18:Infinity":0,"s:14:6:18:Infinity":7,"b:14:10:14:36:14:36:14:56":1,"s:15:8:15:Infinity":8,"s:17:8:17:Infinity":9,"s:21:4:24:Infinity":10,"f:21:10:21:26":3,"s:22:6:22:Infinity":11,"s:23:6:23:Infinity":12,"s:26:4:26:Infinity":13,"s:30:13:46:Infinity":14,"f:30:13:30:32":4,"s:31:15:33:Infinity":15,"s:35:2:43:Infinity":16,"f:35:10:35:25":5,"b:36:4:42:Infinity:undefined:undefined:undefined:undefined":2,"s:36:4:42:Infinity":17,"s:37:6:41:Infinity":18,"f:37:41:37:47":6,"b:38:8:40:Infinity:undefined:undefined:undefined:undefined":3,"s:38:8:40:Infinity":19,"s:39:10:39:Infinity":20,"s:45:2:45:Infinity":21},"fnNames":{}}}
,"/home/runner/work/videoStreamingService/videoStreamingService/apps/frontend/src/feature/upload/components/DeleteConfirmDialog.tsx": {"path":"/home/runner/work/videoStreamingService/videoStreamingService/apps/frontend/src/feature/upload/components/DeleteConfirmDialog.tsx","statementMap":{"0":{"start":{"line":10,"column":13},"end":{"line":47,"column":null}},"1":{"start":{"line":16,"column":2},"end":{"line":18,"column":null}},"2":{"start":{"line":17,"column":4},"end":{"line":17,"column":null}},"3":{"start":{"line":20,"column":2},"end":{"line":45,"column":null}}},"fnMap":{"0":{"name":"(anonymous_0)","decl":{"start":{"line":10,"column":13},"end":{"line":10,"column":36}},"loc":{"start":{"line":15,"column":32},"end":{"line":47,"column":null}},"line":15}},"branchMap":{"0":{"loc":{"start":{"line":16,"column":2},"end":{"line":18,"column":null}},"type":"if","locations":[{"start":{"line":16,"column":2},"end":{"line":18,"column":null}},{"start":{},"end":{}}],"line":16},"1":{"loc":{"start":{"line":27,"column":11},"end":{"line":33,"column":null}},"type":"cond-expr","locations":[{"start":{"line":28,"column":12},"end":{"line":33,"column":null}},{"start":{"line":33,"column":12},"end":{"line":33,"column":null}}],"line":27}},"s":{"0":2,"1":4,"2":2,"3":2},"f":{"0":4},"b":{"0":[2,2],"1":[1,1]},"meta":{"lastBranch":2,"lastFunction":1,"lastStatement":4,"seen":{"s:10:13:47:Infinity":0,"f:10:13:10:36":0,"b:16:2:18:Infinity:undefined:undefined:undefined:undefined":0,"s:16:2:18:Infinity":1,"s:17:4:17:Infinity":2,"s:20:2:45:Infinity":3,"b:28:12:33:Infinity:33:12:33:Infinity":1},"fnNames":{}}}
,"/home/runner/work/videoStreamingService/videoStreamingService/apps/frontend/src/feature/upload/components/UploadArea.tsx": {"path":"/home/runner/work/videoStreamingService/videoStreamingService/apps/frontend/src/feature/upload/components/UploadArea.tsx","statementMap":{"0":{"start":{"line":12,"column":13},"end":{"line":47,"column":null}},"1":{"start":{"line":23,"column":42},"end":{"line":23,"column":null}},"2":{"start":{"line":25,"column":2},"end":{"line":45,"column":null}},"3":{"start":{"line":37,"column":25},"end":{"line":37,"column":null}}},"fnMap":{"0":{"name":"(anonymous_0)","decl":{"start":{"line":12,"column":13},"end":{"line":12,"column":27}},"loc":{"start":{"line":22,"column":6},"end":{"line":47,"column":null}},"line":22},"1":{"name":"(anonymous_1)","decl":{"start":{"line":37,"column":10},"end":{"line":37,"column":25}},"loc":{"start":{"line":37,"column":25},"end":{"line":37,"column":null}},"line":37}},"branchMap":{"0":{"loc":{"start":{"line":33,"column":9},"end":{"line":34,"column":null}},"type":"binary-expr","locations":[{"start":{"line":33,"column":9},"end":{"line":33,"column":null}},{"start":{"line":34,"column":10},"end":{"line":34,"column":null}}],"line":33}},"s":{"0":1,"1":2,"2":2,"3":1},"f":{"0":2,"1":1},"b":{"0":[2,1]},"meta":{"lastBranch":1,"lastFunction":2,"lastStatement":4,"seen":{"s:12:13:47:Infinity":0,"f:12:13:12:27":0,"s:23:42:23:Infinity":1,"s:25:2:45:Infinity":2,"b:33:9:33:Infinity:34:10:34:Infinity":0,"f:37:10:37:25":1,"s:37:25:37:Infinity":3},"fnNames":{}}}
,"/home/runner/work/videoStreamingService/videoStreamingService/apps/frontend/src/feature/upload/components/UploadFileList.tsx": {"path":"/home/runner/work/videoStreamingService/videoStreamingService/apps/frontend/src/feature/upload/components/UploadFileList.tsx","statementMap":{"0":{"start":{"line":15,"column":6},"end":{"line":40,"column":null}},"1":{"start":{"line":22,"column":17},"end":{"line":22,"column":null}},"2":{"start":{"line":23,"column":2},"end":{"line":38,"column":null}},"3":{"start":{"line":33,"column":23},"end":{"line":33,"column":null}},"4":{"start":{"line":42,"column":13},"end":{"line":70,"column":null}},"5":{"start":{"line":46,"column":38},"end":{"line":46,"column":null}},"6":{"start":{"line":48,"column":8},"end":{"line":53,"column":null}},"7":{"start":{"line":49,"column":4},"end":{"line":51,"column":null}},"8":{"start":{"line":50,"column":6},"end":{"line":50,"column":null}},"9":{"start":{"line":52,"column":4},"end":{"line":52,"column":null}},"10":{"start":{"line":55,"column":2},"end":{"line":68,"column":null}},"11":{"start":{"line":59,"column":10},"end":{"line":59,"column":null}},"12":{"start":{"line":66,"column":24},"end":{"line":66,"column":null}}},"fnMap":{"0":{"name":"(anonymous_0)","decl":{"start":{"line":15,"column":6},"end":{"line":15,"column":21}},"loc":{"start":{"line":21,"column":6},"end":{"line":40,"column":null}},"line":21},"1":{"name":"(anonymous_1)","decl":{"start":{"line":33,"column":8},"end":{"line":33,"column":23}},"loc":{"start":{"line":33,"column":23},"end":{"line":33,"column":null}},"line":33},"2":{"name":"(anonymous_2)","decl":{"start":{"line":42,"column":13},"end":{"line":42,"column":31}},"loc":{"start":{"line":45,"column":27},"end":{"line":70,"column":null}},"line":45},"3":{"name":"(anonymous_3)","decl":{"start":{"line":48,"column":8},"end":{"line":48,"column":30}},"loc":{"start":{"line":48,"column":30},"end":{"line":53,"column":null}},"line":48},"4":{"name":"(anonymous_4)","decl":{"start":{"line":58,"column":15},"end":{"line":58,"column":20}},"loc":{"start":{"line":59,"column":10},"end":{"line":59,"column":null}},"line":59},"5":{"name":"(anonymous_5)","decl":{"start":{"line":66,"column":8},"end":{"line":66,"column":24}},"loc":{"start":{"line":66,"column":24},"end":{"line":66,"column":null}},"line":66}},"branchMap":{"0":{"loc":{"start":{"line":22,"column":28},"end":{"line":22,"column":67}},"type":"cond-expr","locations":[{"start":{"line":22,"column":40},"end":{"line":22,"column":66}},{"start":{"line":22,"column":66},"end":{"line":22,"column":67}}],"line":22},"1":{"loc":{"start":{"line":49,"column":4},"end":{"line":51,"column":null}},"type":"if","locations":[{"start":{"line":49,"column":4},"end":{"line":51,"column":null}},{"start":{},"end":{}}],"line":49}},"s":{"0":2,"1":11,"2":11,"3":2,"4":2,"5":6,"6":6,"7":2,"8":1,"9":2,"10":6,"11":11,"12":1},"f":{"0":11,"1":2,"2":6,"3":2,"4":11,"5":1},"b":{"0":[6,5],"1":[1,1]},"meta":{"lastBranch":2,"lastFunction":6,"lastStatement":13,"seen":{"s:15:6:40:Infinity":0,"f:15:6:15:21":0,"s:22:17:22:Infinity":1,"b:22:40:22:66:22:66:22:67":0,"s:23:2:38:Infinity":2,"f:33:8:33:23":1,"s:33:23:33:Infinity":3,"s:42:13:70:Infinity":4,"f:42:13:42:31":2,"s:46:38:46:Infinity":5,"s:48:8:53:Infinity":6,"f:48:8:48:30":3,"b:49:4:51:Infinity:undefined:undefined:undefined:undefined":1,"s:49:4:51:Infinity":7,"s:50:6:50:Infinity":8,"s:52:4:52:Infinity":9,"s:55:2:68:Infinity":10,"f:58:15:58:20":4,"s:59:10:59:Infinity":11,"f:66:8:66:24":5,"s:66:24:66:Infinity":12},"fnNames":{}}}
,"/home/runner/work/videoStreamingService/videoStreamingService/apps/frontend/src/feature/upload/components/UploadFormFields.tsx": {"path":"/home/runner/work/videoStreamingService/videoStreamingService/apps/frontend/src/feature/upload/components/UploadFormFields.tsx","statementMap":{"0":{"start":{"line":10,"column":13},"end":{"line":34,"column":null}},"1":{"start":{"line":11,"column":20},"end":{"line":11,"column":null}},"2":{"start":{"line":12,"column":26},"end":{"line":22,"column":null}},"3":{"start":{"line":14,"column":6},"end":{"line":16,"column":null}},"4":{"start":{"line":15,"column":8},"end":{"line":15,"column":null}},"5":{"start":{"line":17,"column":6},"end":{"line":19,"column":null}},"6":{"start":{"line":18,"column":8},"end":{"line":18,"column":null}},"7":{"start":{"line":20,"column":6},"end":{"line":20,"column":null}},"8":{"start":{"line":24,"column":2},"end":{"line":32,"column":null}},"9":{"start":{"line":43,"column":13},"end":{"line":58,"column":null}},"10":{"start":{"line":44,"column":2},"end":{"line":58,"column":null}},"11":{"start":{"line":53,"column":23},"end":{"line":53,"column":null}},"12":{"start":{"line":61,"column":13},"end":{"line":78,"column":null}},"13":{"start":{"line":62,"column":2},"end":{"line":78,"column":null}},"14":{"start":{"line":71,"column":23},"end":{"line":71,"column":null}},"15":{"start":{"line":88,"column":13},"end":{"line":105,"column":null}},"16":{"start":{"line":89,"column":2},"end":{"line":105,"column":null}},"17":{"start":{"line":98,"column":23},"end":{"line":98,"column":null}}},"fnMap":{"0":{"name":"(anonymous_0)","decl":{"start":{"line":10,"column":13},"end":{"line":10,"column":26}},"loc":{"start":{"line":10,"column":77},"end":{"line":34,"column":null}},"line":10},"1":{"name":"(anonymous_1)","decl":{"start":{"line":13,"column":6},"end":{"line":13,"column":11}},"loc":{"start":{"line":13,"column":19},"end":{"line":21,"column":5}},"line":13},"2":{"name":"(anonymous_2)","decl":{"start":{"line":43,"column":13},"end":{"line":43,"column":27}},"loc":{"start":{"line":44,"column":2},"end":{"line":58,"column":null}},"line":44},"3":{"name":"(anonymous_3)","decl":{"start":{"line":53,"column":6},"end":{"line":53,"column":17}},"loc":{"start":{"line":53,"column":23},"end":{"line":53,"column":null}},"line":53},"4":{"name":"(anonymous_4)","decl":{"start":{"line":61,"column":13},"end":{"line":61,"column":33}},"loc":{"start":{"line":62,"column":2},"end":{"line":78,"column":null}},"line":62},"5":{"name":"(anonymous_5)","decl":{"start":{"line":71,"column":6},"end":{"line":71,"column":17}},"loc":{"start":{"line":71,"column":23},"end":{"line":71,"column":null}},"line":71},"6":{"name":"(anonymous_6)","decl":{"start":{"line":88,"column":13},"end":{"line":88,"column":32}},"loc":{"start":{"line":89,"column":2},"end":{"line":105,"column":null}},"line":89},"7":{"name":"(anonymous_7)","decl":{"start":{"line":98,"column":6},"end":{"line":98,"column":17}},"loc":{"start":{"line":98,"column":23},"end":{"line":98,"column":null}},"line":98}},"branchMap":{"0":{"loc":{"start":{"line":11,"column":20},"end":{"line":11,"column":null}},"type":"binary-expr","locations":[{"start":{"line":11,"column":20},"end":{"line":11,"column":33}},{"start":{"line":11,"column":33},"end":{"line":11,"column":43}},{"start":{"line":11,"column":43},"end":{"line":11,"column":null}}],"line":11},"1":{"loc":{"start":{"line":14,"column":6},"end":{"line":16,"column":null}},"type":"if","locations":[{"start":{"line":14,"column":6},"end":{"line":16,"column":null}},{"start":{},"end":{}}],"line":14},"2":{"loc":{"start":{"line":17,"column":6},"end":{"line":19,"column":null}},"type":"if","locations":[{"start":{"line":17,"column":6},"end":{"line":19,"column":null}},{"start":{},"end":{}}],"line":17},"3":{"loc":{"start":{"line":17,"column":10},"end":{"line":17,"column":62}},"type":"binary-expr","locations":[{"start":{"line":17,"column":10},"end":{"line":17,"column":17}},{"start":{"line":17,"column":17},"end":{"line":17,"column":44}},{"start":{"line":17,"column":44},"end":{"line":17,"column":62}}],"line":17},"4":{"loc":{"start":{"line":26,"column":7},"end":{"line":29,"column":null}},"type":"binary-expr","locations":[{"start":{"line":26,"column":7},"end":{"line":26,"column":20}},{"start":{"line":26,"column":20},"end":{"line":26,"column":39}},{"start":{"line":26,"column":39},"end":{"line":26,"column":null}},{"start":{"line":27,"column":8},"end":{"line":29,"column":null}}],"line":26},"5":{"loc":{"start":{"line":29,"column":7},"end":{"line":32,"column":null}},"type":"binary-expr","locations":[{"start":{"line":29,"column":7},"end":{"line":29,"column":null}},{"start":{"line":30,"column":8},"end":{"line":32,"column":null}}],"line":29}},"s":{"0":3,"1":21,"2":21,"3":4,"4":1,"5":3,"6":1,"7":2,"8":21,"9":3,"10":6,"11":1,"12":3,"13":7,"14":1,"15":3,"16":6,"17":1},"f":{"0":21,"1":4,"2":6,"3":1,"4":7,"5":1,"6":6,"7":1},"b":{"0":[21,2,2],"1":[1,3],"2":[1,2],"3":[3,3,2],"4":[21,1,1,1],"5":[21,1]},"meta":{"lastBranch":6,"lastFunction":8,"lastStatement":18,"seen":{"s:10:13:34:Infinity":0,"f:10:13:10:26":0,"s:11:20:11:Infinity":1,"b:11:20:11:33:11:33:11:43:11:43:11:Infinity":0,"s:12:26:22:Infinity":2,"f:13:6:13:11":1,"b:14:6:16:Infinity:undefined:undefined:undefined:undefined":1,"s:14:6:16:Infinity":3,"s:15:8:15:Infinity":4,"b:17:6:19:Infinity:undefined:undefined:undefined:undefined":2,"s:17:6:19:Infinity":5,"b:17:10:17:17:17:17:17:44:17:44:17:62":3,"s:18:8:18:Infinity":6,"s:20:6:20:Infinity":7,"s:24:2:32:Infinity":8,"b:26:7:26:20:26:20:26:39:26:39:26:Infinity:27:8:29:Infinity":4,"b:29:7:29:Infinity:30:8:32:Infinity":5,"s:43:13:58:Infinity":9,"f:43:13:43:27":2,"s:44:2:58:Infinity":10,"f:53:6:53:17":3,"s:53:23:53:Infinity":11,"s:61:13:78:Infinity":12,"f:61:13:61:33":4,"s:62:2:78:Infinity":13,"f:71:6:71:17":5,"s:71:23:71:Infinity":14,"s:88:13:105:Infinity":15,"f:88:13:88:32":6,"s:89:2:105:Infinity":16,"f:98:6:98:17":7,"s:98:23:98:Infinity":17},"fnNames":{}}}
,"/home/runner/work/videoStreamingService/videoStreamingService/apps/frontend/src/feature/upload/components/UploadFormInputs.tsx": {"path":"/home/runner/work/videoStreamingService/videoStreamingService/apps/frontend/src/feature/upload/components/UploadFormInputs.tsx","statementMap":{"0":{"start":{"line":10,"column":13},"end":{"line":23,"column":null}},"1":{"start":{"line":11,"column":2},"end":{"line":23,"column":null}},"2":{"start":{"line":13,"column":6},"end":{"line":21,"column":null}},"3":{"start":{"line":26,"column":13},"end":{"line":43,"column":null}},"4":{"start":{"line":31,"column":2},"end":{"line":43,"column":null}},"5":{"start":{"line":33,"column":6},"end":{"line":41,"column":null}},"6":{"start":{"line":46,"column":13},"end":{"line":59,"column":null}},"7":{"start":{"line":47,"column":2},"end":{"line":59,"column":null}},"8":{"start":{"line":49,"column":6},"end":{"line":57,"column":null}},"9":{"start":{"line":62,"column":13},"end":{"line":77,"column":null}},"10":{"start":{"line":63,"column":2},"end":{"line":77,"column":null}},"11":{"start":{"line":65,"column":6},"end":{"line":65,"column":null}},"12":{"start":{"line":69,"column":6},"end":{"line":75,"column":null}}},"fnMap":{"0":{"name":"(anonymous_0)","decl":{"start":{"line":10,"column":13},"end":{"line":10,"column":31}},"loc":{"start":{"line":11,"column":2},"end":{"line":23,"column":null}},"line":11},"1":{"name":"(anonymous_1)","decl":{"start":{"line":12,"column":6},"end":{"line":12,"column":null}},"loc":{"start":{"line":13,"column":6},"end":{"line":21,"column":null}},"line":13},"2":{"name":"(anonymous_2)","decl":{"start":{"line":26,"column":13},"end":{"line":26,"column":37}},"loc":{"start":{"line":31,"column":2},"end":{"line":43,"column":null}},"line":31},"3":{"name":"(anonymous_3)","decl":{"start":{"line":32,"column":6},"end":{"line":32,"column":null}},"loc":{"start":{"line":33,"column":6},"end":{"line":41,"column":null}},"line":33},"4":{"name":"(anonymous_4)","decl":{"start":{"line":46,"column":13},"end":{"line":46,"column":36}},"loc":{"start":{"line":47,"column":2},"end":{"line":59,"column":null}},"line":47},"5":{"name":"(anonymous_5)","decl":{"start":{"line":48,"column":6},"end":{"line":48,"column":null}},"loc":{"start":{"line":49,"column":6},"end":{"line":57,"column":null}},"line":49},"6":{"name":"(anonymous_6)","decl":{"start":{"line":62,"column":13},"end":{"line":62,"column":32}},"loc":{"start":{"line":63,"column":2},"end":{"line":77,"column":null}},"line":63},"7":{"name":"(anonymous_7)","decl":{"start":{"line":64,"column":4},"end":{"line":64,"column":15}},"loc":{"start":{"line":65,"column":6},"end":{"line":65,"column":null}},"line":65},"8":{"name":"(anonymous_8)","decl":{"start":{"line":68,"column":6},"end":{"line":68,"column":7}},"loc":{"start":{"line":69,"column":6},"end":{"line":75,"column":null}},"line":69}},"branchMap":{"0":{"loc":{"start":{"line":35,"column":15},"end":{"line":35,"column":null}},"type":"binary-expr","locations":[{"start":{"line":35,"column":15},"end":{"line":35,"column":36}},{"start":{"line":35,"column":36},"end":{"line":35,"column":null}}],"line":35},"1":{"loc":{"start":{"line":71,"column":18},"end":{"line":71,"column":null}},"type":"binary-expr","locations":[{"start":{"line":71,"column":18},"end":{"line":71,"column":32}},{"start":{"line":71,"column":32},"end":{"line":71,"column":57}},{"start":{"line":71,"column":57},"end":{"line":71,"column":null}}],"line":71},"2":{"loc":{"start":{"line":74,"column":9},"end":{"line":74,"column":null}},"type":"cond-expr","locations":[{"start":{"line":74,"column":24},"end":{"line":74,"column":35}},{"start":{"line":74,"column":35},"end":{"line":74,"column":null}}],"line":74}},"s":{"0":2,"1":4,"2":5,"3":2,"4":5,"5":6,"6":2,"7":4,"8":5,"9":2,"10":5,"11":21,"12":9},"f":{"0":4,"1":5,"2":5,"3":6,"4":4,"5":5,"6":5,"7":21,"8":9},"b":{"0":[6,1],"1":[9,9,8],"2":[1,8]},"meta":{"lastBranch":3,"lastFunction":9,"lastStatement":13,"seen":{"s:10:13:23:Infinity":0,"f:10:13:10:31":0,"s:11:2:23:Infinity":1,"f:12:6:12:Infinity":1,"s:13:6:21:Infinity":2,"s:26:13:43:Infinity":3,"f:26:13:26:37":2,"s:31:2:43:Infinity":4,"f:32:6:32:Infinity":3,"s:33:6:41:Infinity":5,"b:35:15:35:36:35:36:35:Infinity":0,"s:46:13:59:Infinity":6,"f:46:13:46:36":4,"s:47:2:59:Infinity":7,"f:48:6:48:Infinity":5,"s:49:6:57:Infinity":8,"s:62:13:77:Infinity":9,"f:62:13:62:32":6,"s:63:2:77:Infinity":10,"f:64:4:64:15":7,"s:65:6:65:Infinity":11,"f:68:6:68:7":8,"s:69:6:75:Infinity":12,"b:71:18:71:32:71:32:71:57:71:57:71:Infinity":1,"b:74:24:74:35:74:35:74:Infinity":2},"fnNames":{}}}
,"/home/runner/work/videoStreamingService/videoStreamingService/apps/frontend/src/feature/upload/components/UploadedVideoRow.tsx": {"path":"/home/runner/work/videoStreamingService/videoStreamingService/apps/frontend/src/feature/upload/components/UploadedVideoRow.tsx","statementMap":{"0":{"start":{"line":17,"column":6},"end":{"line":28,"column":null}},"1":{"start":{"line":18,"column":2},"end":{"line":20,"column":null}},"2":{"start":{"line":19,"column":4},"end":{"line":19,"column":null}},"3":{"start":{"line":21,"column":2},"end":{"line":23,"column":null}},"4":{"start":{"line":22,"column":4},"end":{"line":22,"column":null}},"5":{"start":{"line":24,"column":2},"end":{"line":26,"column":null}},"6":{"start":{"line":25,"column":4},"end":{"line":25,"column":null}},"7":{"start":{"line":27,"column":2},"end":{"line":27,"column":null}},"8":{"start":{"line":30,"column":6},"end":{"line":67,"column":null}},"9":{"start":{"line":39,"column":2},"end":{"line":67,"column":null}},"10":{"start":{"line":52,"column":21},"end":{"line":52,"column":null}},"11":{"start":{"line":61,"column":21},"end":{"line":61,"column":null}},"12":{"start":{"line":70,"column":13},"end":{"line":101,"column":null}},"13":{"start":{"line":72,"column":4},"end":{"line":74,"column":null}},"14":{"start":{"line":76,"column":24},"end":{"line":78,"column":null}},"15":{"start":{"line":80,"column":2},"end":{"line":99,"column":null}}},"fnMap":{"0":{"name":"(anonymous_0)","decl":{"start":{"line":17,"column":6},"end":{"line":17,"column":28}},"loc":{"start":{"line":17,"column":52},"end":{"line":28,"column":null}},"line":17},"1":{"name":"(anonymous_1)","decl":{"start":{"line":30,"column":6},"end":{"line":30,"column":20}},"loc":{"start":{"line":39,"column":2},"end":{"line":67,"column":null}},"line":39},"2":{"name":"(anonymous_2)","decl":{"start":{"line":52,"column":6},"end":{"line":52,"column":21}},"loc":{"start":{"line":52,"column":21},"end":{"line":52,"column":null}},"line":52},"3":{"name":"(anonymous_3)","decl":{"start":{"line":61,"column":6},"end":{"line":61,"column":21}},"loc":{"start":{"line":61,"column":21},"end":{"line":61,"column":null}},"line":61},"4":{"name":"(anonymous_4)","decl":{"start":{"line":70,"column":13},"end":{"line":70,"column":33}},"loc":{"start":{"line":70,"column":72},"end":{"line":101,"column":null}},"line":70}},"branchMap":{"0":{"loc":{"start":{"line":18,"column":2},"end":{"line":20,"column":null}},"type":"if","locations":[{"start":{"line":18,"column":2},"end":{"line":20,"column":null}},{"start":{},"end":{}}],"line":18},"1":{"loc":{"start":{"line":21,"column":2},"end":{"line":23,"column":null}},"type":"if","locations":[{"start":{"line":21,"column":2},"end":{"line":23,"column":null}},{"start":{},"end":{}}],"line":21},"2":{"loc":{"start":{"line":24,"column":2},"end":{"line":26,"column":null}},"type":"if","locations":[{"start":{"line":24,"column":2},"end":{"line":26,"column":null}},{"start":{},"end":{}}],"line":24},"3":{"loc":{"start":{"line":27,"column":37},"end":{"line":27,"column":64}},"type":"binary-expr","locations":[{"start":{"line":27,"column":37},"end":{"line":27,"column":51}},{"start":{"line":27,"column":51},"end":{"line":27,"column":64}}],"line":27},"4":{"loc":{"start":{"line":40,"column":5},"end":{"line":47,"column":null}},"type":"binary-expr","locations":[{"start":{"line":40,"column":5},"end":{"line":40,"column":null}},{"start":{"line":41,"column":6},"end":{"line":47,"column":null}}],"line":40},"5":{"loc":{"start":{"line":72,"column":4},"end":{"line":74,"column":null}},"type":"cond-expr","locations":[{"start":{"line":73,"column":8},"end":{"line":73,"column":null}},{"start":{"line":74,"column":8},"end":{"line":74,"column":null}}],"line":72},"6":{"loc":{"start":{"line":72,"column":4},"end":{"line":72,"column":null}},"type":"binary-expr","locations":[{"start":{"line":72,"column":4},"end":{"line":72,"column":25}},{"start":{"line":72,"column":25},"end":{"line":72,"column":null}}],"line":72},"7":{"loc":{"start":{"line":76,"column":24},"end":{"line":78,"column":null}},"type":"cond-expr","locations":[{"start":{"line":77,"column":6},"end":{"line":77,"column":null}},{"start":{"line":78,"column":6},"end":{"line":78,"column":null}}],"line":76},"8":{"loc":{"start":{"line":84,"column":43},"end":{"line":84,"column":69}},"type":"binary-expr","locations":[{"start":{"line":84,"column":43},"end":{"line":84,"column":58}},{"start":{"line":84,"column":58},"end":{"line":84,"column":69}}],"line":84},"9":{"loc":{"start":{"line":86,"column":13},"end":{"line":86,"column":null}},"type":"binary-expr","locations":[{"start":{"line":86,"column":13},"end":{"line":86,"column":34}},{"start":{"line":86,"column":34},"end":{"line":86,"column":null}}],"line":86},"10":{"loc":{"start":{"line":92,"column":9},"end":{"line":92,"column":null}},"type":"binary-expr","locations":[{"start":{"line":92,"column":9},"end":{"line":92,"column":25}},{"start":{"line":92,"column":25},"end":{"line":92,"column":null}}],"line":92}},"s":{"0":3,"1":10,"2":7,"3":3,"4":1,"5":2,"6":1,"7":1,"8":3,"9":10,"10":1,"11":1,"12":3,"13":10,"14":10,"15":10},"f":{"0":10,"1":10,"2":1,"3":1,"4":10},"b":{"0":[7,3],"1":[1,2],"2":[1,1],"3":[1,1],"4":[10,9],"5":[1,9],"6":[10,1],"7":[1,9],"8":[10,3],"9":[10,3],"10":[10,9]},"meta":{"lastBranch":11,"lastFunction":5,"lastStatement":16,"seen":{"s:17:6:28:Infinity":0,"f:17:6:17:28":0,"b:18:2:20:Infinity:undefined:undefined:undefined:undefined":0,"s:18:2:20:Infinity":1,"s:19:4:19:Infinity":2,"b:21:2:23:Infinity:undefined:undefined:undefined:undefined":1,"s:21:2:23:Infinity":3,"s:22:4:22:Infinity":4,"b:24:2:26:Infinity:undefined:undefined:undefined:undefined":2,"s:24:2:26:Infinity":5,"s:25:4:25:Infinity":6,"s:27:2:27:Infinity":7,"b:27:37:27:51:27:51:27:64":3,"s:30:6:67:Infinity":8,"f:30:6:30:20":1,"s:39:2:67:Infinity":9,"b:40:5:40:Infinity:41:6:47:Infinity":4,"f:52:6:52:21":2,"s:52:21:52:Infinity":10,"f:61:6:61:21":3,"s:61:21:61:Infinity":11,"s:70:13:101:Infinity":12,"f:70:13:70:33":4,"s:72:4:74:Infinity":13,"b:73:8:73:Infinity:74:8:74:Infinity":5,"b:72:4:72:25:72:25:72:Infinity":6,"s:76:24:78:Infinity":14,"b:77:6:77:Infinity:78:6:78:Infinity":7,"s:80:2:99:Infinity":15,"b:84:43:84:58:84:58:84:69":8,"b:86:13:86:34:86:34:86:Infinity":9,"b:92:9:92:25:92:25:92:Infinity":10},"fnNames":{}}}
,"/home/runner/work/videoStreamingService/videoStreamingService/apps/frontend/src/feature/upload/components/UploadedVideoTable.tsx": {"path":"/home/runner/work/videoStreamingService/videoStreamingService/apps/frontend/src/feature/upload/components/UploadedVideoTable.tsx","statementMap":{"0":{"start":{"line":9,"column":6},"end":{"line":19,"column":null}},"1":{"start":{"line":10,"column":2},"end":{"line":19,"column":null}},"2":{"start":{"line":22,"column":6},"end":{"line":59,"column":null}},"3":{"start":{"line":34,"column":6},"end":{"line":34,"column":null}},"4":{"start":{"line":36,"column":2},"end":{"line":57,"column":null}},"5":{"start":{"line":43,"column":10},"end":{"line":43,"column":null}},"6":{"start":{"line":45,"column":23},"end":{"line":45,"column":null}},"7":{"start":{"line":53,"column":10},"end":{"line":53,"column":null}},"8":{"start":{"line":55,"column":23},"end":{"line":55,"column":null}},"9":{"start":{"line":61,"column":13},"end":{"line":84,"column":null}},"10":{"start":{"line":62,"column":43},"end":{"line":62,"column":null}},"11":{"start":{"line":63,"column":20},"end":{"line":63,"column":43}},"12":{"start":{"line":65,"column":2},"end":{"line":82,"column":null}}},"fnMap":{"0":{"name":"(anonymous_0)","decl":{"start":{"line":9,"column":6},"end":{"line":9,"column":null}},"loc":{"start":{"line":10,"column":2},"end":{"line":19,"column":null}},"line":10},"1":{"name":"(anonymous_1)","decl":{"start":{"line":22,"column":6},"end":{"line":22,"column":22}},"loc":{"start":{"line":26,"column":6},"end":{"line":59,"column":null}},"line":26},"2":{"name":"(anonymous_2)","decl":{"start":{"line":42,"column":8},"end":{"line":42,"column":null}},"loc":{"start":{"line":43,"column":10},"end":{"line":43,"column":null}},"line":43},"3":{"name":"(anonymous_3)","decl":{"start":{"line":45,"column":8},"end":{"line":45,"column":23}},"loc":{"start":{"line":45,"column":23},"end":{"line":45,"column":null}},"line":45},"4":{"name":"(anonymous_4)","decl":{"start":{"line":52,"column":8},"end":{"line":52,"column":20}},"loc":{"start":{"line":53,"column":10},"end":{"line":53,"column":null}},"line":53},"5":{"name":"(anonymous_5)","decl":{"start":{"line":55,"column":8},"end":{"line":55,"column":23}},"loc":{"start":{"line":55,"column":23},"end":{"line":55,"column":null}},"line":55},"6":{"name":"(anonymous_6)","decl":{"start":{"line":61,"column":13},"end":{"line":61,"column":40}},"loc":{"start":{"line":61,"column":40},"end":{"line":84,"column":null}},"line":61}},"branchMap":{"0":{"loc":{"start":{"line":43,"column":10},"end":{"line":43,"column":null}},"type":"binary-expr","locations":[{"start":{"line":43,"column":10},"end":{"line":43,"column":30}},{"start":{"line":43,"column":30},"end":{"line":43,"column":null}}],"line":43},"1":{"loc":{"start":{"line":53,"column":10},"end":{"line":53,"column":null}},"type":"binary-expr","locations":[{"start":{"line":53,"column":10},"end":{"line":53,"column":28}},{"start":{"line":53,"column":28},"end":{"line":53,"column":null}}],"line":53},"2":{"loc":{"start":{"line":62,"column":16},"end":{"line":62,"column":29}},"type":"default-arg","locations":[{"start":{"line":62,"column":25},"end":{"line":62,"column":29}}],"line":62}},"s":{"0":1,"1":5,"2":1,"3":5,"4":5,"5":1,"6":1,"7":1,"8":1,"9":1,"10":5,"11":5,"12":5},"f":{"0":5,"1":5,"2":1,"3":1,"4":1,"5":1,"6":5},"b":{"0":[1,1],"1":[1,1],"2":[5]},"meta":{"lastBranch":3,"lastFunction":7,"lastStatement":13,"seen":{"s:9:6:19:Infinity":0,"f:9:6:9:Infinity":0,"s:10:2:19:Infinity":1,"s:22:6:59:Infinity":2,"f:22:6:22:22":1,"s:34:6:34:Infinity":3,"s:36:2:57:Infinity":4,"f:42:8:42:Infinity":2,"s:43:10:43:Infinity":5,"b:43:10:43:30:43:30:43:Infinity":0,"f:45:8:45:23":3,"s:45:23:45:Infinity":6,"f:52:8:52:20":4,"s:53:10:53:Infinity":7,"b:53:10:53:28:53:28:53:Infinity":1,"f:55:8:55:23":5,"s:55:23:55:Infinity":8,"s:61:13:84:Infinity":9,"f:61:13:61:40":6,"s:62:43:62:Infinity":10,"b:62:25:62:29":2,"s:63:20:63:43":11,"s:65:2:82:Infinity":12},"fnNames":{}}}
,"/home/runner/work/videoStreamingService/videoStreamingService/apps/frontend/src/feature/upload/components/UploadedVideoTableBody.tsx": {"path":"/home/runner/work/videoStreamingService/videoStreamingService/apps/frontend/src/feature/upload/components/UploadedVideoTableBody.tsx","statementMap":{"0":{"start":{"line":12,"column":6},"end":{"line":19,"column":null}},"1":{"start":{"line":13,"column":2},"end":{"line":19,"column":null}},"2":{"start":{"line":22,"column":13},"end":{"line":47,"column":null}},"3":{"start":{"line":28,"column":2},"end":{"line":30,"column":null}},"4":{"start":{"line":29,"column":4},"end":{"line":29,"column":null}},"5":{"start":{"line":31,"column":2},"end":{"line":33,"column":null}},"6":{"start":{"line":32,"column":4},"end":{"line":32,"column":null}},"7":{"start":{"line":35,"column":2},"end":{"line":45,"column":null}},"8":{"start":{"line":38,"column":8},"end":{"line":43,"column":null}}},"fnMap":{"0":{"name":"(anonymous_0)","decl":{"start":{"line":12,"column":6},"end":{"line":12,"column":23}},"loc":{"start":{"line":13,"column":2},"end":{"line":19,"column":null}},"line":13},"1":{"name":"(anonymous_1)","decl":{"start":{"line":22,"column":13},"end":{"line":22,"column":39}},"loc":{"start":{"line":27,"column":13},"end":{"line":47,"column":null}},"line":27},"2":{"name":"(anonymous_2)","decl":{"start":{"line":37,"column":14},"end":{"line":37,"column":19}},"loc":{"start":{"line":38,"column":8},"end":{"line":43,"column":null}},"line":38}},"branchMap":{"0":{"loc":{"start":{"line":28,"column":2},"end":{"line":30,"column":null}},"type":"if","locations":[{"start":{"line":28,"column":2},"end":{"line":30,"column":null}},{"start":{},"end":{}}],"line":28},"1":{"loc":{"start":{"line":31,"column":2},"end":{"line":33,"column":null}},"type":"if","locations":[{"start":{"line":31,"column":2},"end":{"line":33,"column":null}},{"start":{},"end":{}}],"line":31}},"s":{"0":2,"1":2,"2":2,"3":8,"4":1,"5":7,"6":1,"7":6,"8":6},"f":{"0":2,"1":8,"2":6},"b":{"0":[1,7],"1":[1,6]},"meta":{"lastBranch":2,"lastFunction":3,"lastStatement":9,"seen":{"s:12:6:19:Infinity":0,"f:12:6:12:23":0,"s:13:2:19:Infinity":1,"s:22:13:47:Infinity":2,"f:22:13:22:39":1,"b:28:2:30:Infinity:undefined:undefined:undefined:undefined":0,"s:28:2:30:Infinity":3,"s:29:4:29:Infinity":4,"b:31:2:33:Infinity:undefined:undefined:undefined:undefined":1,"s:31:2:33:Infinity":5,"s:32:4:32:Infinity":6,"s:35:2:45:Infinity":7,"f:37:14:37:19":2,"s:38:8:43:Infinity":8},"fnNames":{}}}
,"/home/runner/work/videoStreamingService/videoStreamingService/apps/frontend/src/feature/upload/components/VideoDeleteDialog.tsx": {"path":"/home/runner/work/videoStreamingService/videoStreamingService/apps/frontend/src/feature/upload/components/VideoDeleteDialog.tsx","statementMap":{"0":{"start":{"line":15,"column":6},"end":{"line":40,"column":null}},"1":{"start":{"line":24,"column":2},"end":{"line":40,"column":null}},"2":{"start":{"line":33,"column":25},"end":{"line":33,"column":null}},"3":{"start":{"line":43,"column":6},"end":{"line":65,"column":null}},"4":{"start":{"line":54,"column":2},"end":{"line":65,"column":null}},"5":{"start":{"line":68,"column":13},"end":{"line":105,"column":null}},"6":{"start":{"line":75,"column":38},"end":{"line":75,"column":null}},"7":{"start":{"line":76,"column":2},"end":{"line":78,"column":null}},"8":{"start":{"line":77,"column":4},"end":{"line":77,"column":null}},"9":{"start":{"line":80,"column":8},"end":{"line":83,"column":null}},"10":{"start":{"line":81,"column":4},"end":{"line":81,"column":null}},"11":{"start":{"line":82,"column":4},"end":{"line":82,"column":null}},"12":{"start":{"line":85,"column":2},"end":{"line":103,"column":null}}},"fnMap":{"0":{"name":"(anonymous_0)","decl":{"start":{"line":15,"column":6},"end":{"line":15,"column":22}},"loc":{"start":{"line":24,"column":2},"end":{"line":40,"column":null}},"line":24},"1":{"name":"(anonymous_1)","decl":{"start":{"line":33,"column":8},"end":{"line":33,"column":19}},"loc":{"start":{"line":33,"column":25},"end":{"line":33,"column":null}},"line":33},"2":{"name":"(anonymous_2)","decl":{"start":{"line":43,"column":6},"end":{"line":43,"column":23}},"loc":{"start":{"line":54,"column":2},"end":{"line":65,"column":null}},"line":54},"3":{"name":"(anonymous_3)","decl":{"start":{"line":68,"column":13},"end":{"line":68,"column":34}},"loc":{"start":{"line":74,"column":13},"end":{"line":105,"column":null}},"line":74},"4":{"name":"(anonymous_4)","decl":{"start":{"line":80,"column":8},"end":{"line":80,"column":28}},"loc":{"start":{"line":80,"column":28},"end":{"line":83,"column":null}},"line":80}},"branchMap":{"0":{"loc":{"start":{"line":26,"column":56},"end":{"line":26,"column":76}},"type":"binary-expr","locations":[{"start":{"line":26,"column":56},"end":{"line":26,"column":65}},{"start":{"line":26,"column":65},"end":{"line":26,"column":76}}],"line":26},"1":{"loc":{"start":{"line":61,"column":16},"end":{"line":61,"column":null}},"type":"binary-expr","locations":[{"start":{"line":61,"column":16},"end":{"line":61,"column":31}},{"start":{"line":61,"column":31},"end":{"line":61,"column":null}}],"line":61},"2":{"loc":{"start":{"line":63,"column":7},"end":{"line":63,"column":null}},"type":"cond-expr","locations":[{"start":{"line":63,"column":20},"end":{"line":63,"column":31}},{"start":{"line":63,"column":31},"end":{"line":63,"column":null}}],"line":63},"3":{"loc":{"start":{"line":76,"column":2},"end":{"line":78,"column":null}},"type":"if","locations":[{"start":{"line":76,"column":2},"end":{"line":78,"column":null}},{"start":{},"end":{}}],"line":76},"4":{"loc":{"start":{"line":76,"column":6},"end":{"line":76,"column":25}},"type":"binary-expr","locations":[{"start":{"line":76,"column":6},"end":{"line":76,"column":17}},{"start":{"line":76,"column":17},"end":{"line":76,"column":25}}],"line":76}},"s":{"0":2,"1":8,"2":2,"3":2,"4":8,"5":2,"6":14,"7":14,"8":5,"9":9,"10":2,"11":2,"12":9},"f":{"0":8,"1":2,"2":8,"3":14,"4":2},"b":{"0":[8,1],"1":[8,2],"2":[1,7],"3":[5,9],"4":[14,9]},"meta":{"lastBranch":5,"lastFunction":5,"lastStatement":13,"seen":{"s:15:6:40:Infinity":0,"f:15:6:15:22":0,"s:24:2:40:Infinity":1,"b:26:56:26:65:26:65:26:76":0,"f:33:8:33:19":1,"s:33:25:33:Infinity":2,"s:43:6:65:Infinity":3,"f:43:6:43:23":2,"s:54:2:65:Infinity":4,"b:61:16:61:31:61:31:61:Infinity":1,"b:63:20:63:31:63:31:63:Infinity":2,"s:68:13:105:Infinity":5,"f:68:13:68:34":3,"s:75:38:75:Infinity":6,"b:76:2:78:Infinity:undefined:undefined:undefined:undefined":3,"s:76:2:78:Infinity":7,"b:76:6:76:17:76:17:76:25":4,"s:77:4:77:Infinity":8,"s:80:8:83:Infinity":9,"f:80:8:80:28":4,"s:81:4:81:Infinity":10,"s:82:4:82:Infinity":11,"s:85:2:103:Infinity":12},"fnNames":{}}}
,"/home/runner/work/videoStreamingService/videoStreamingService/apps/frontend/src/feature/upload/components/VideoEditDialog.tsx": {"path":"/home/runner/work/videoStreamingService/videoStreamingService/apps/frontend/src/feature/upload/components/VideoEditDialog.tsx","statementMap":{"0":{"start":{"line":23,"column":6},"end":{"line":42,"column":null}},"1":{"start":{"line":30,"column":2},"end":{"line":42,"column":null}},"2":{"start":{"line":45,"column":6},"end":{"line":67,"column":null}},"3":{"start":{"line":56,"column":2},"end":{"line":67,"column":null}},"4":{"start":{"line":70,"column":13},"end":{"line":104,"column":null}},"5":{"start":{"line":77,"column":20},"end":{"line":77,"column":null}},"6":{"start":{"line":78,"column":2},"end":{"line":80,"column":null}},"7":{"start":{"line":79,"column":4},"end":{"line":79,"column":null}},"8":{"start":{"line":82,"column":8},"end":{"line":89,"column":null}},"9":{"start":{"line":83,"column":4},"end":{"line":83,"column":null}},"10":{"start":{"line":84,"column":4},"end":{"line":88,"column":null}},"11":{"start":{"line":91,"column":2},"end":{"line":102,"column":null}}},"fnMap":{"0":{"name":"(anonymous_0)","decl":{"start":{"line":23,"column":6},"end":{"line":23,"column":22}},"loc":{"start":{"line":30,"column":2},"end":{"line":42,"column":null}},"line":30},"1":{"name":"(anonymous_1)","decl":{"start":{"line":45,"column":6},"end":{"line":45,"column":18}},"loc":{"start":{"line":56,"column":2},"end":{"line":67,"column":null}},"line":56},"2":{"name":"(anonymous_2)","decl":{"start":{"line":70,"column":13},"end":{"line":70,"column":32}},"loc":{"start":{"line":76,"column":13},"end":{"line":104,"column":null}},"line":76},"3":{"name":"(anonymous_3)","decl":{"start":{"line":82,"column":8},"end":{"line":82,"column":24}},"loc":{"start":{"line":82,"column":47},"end":{"line":89,"column":null}},"line":82}},"branchMap":{"0":{"loc":{"start":{"line":40,"column":7},"end":{"line":40,"column":null}},"type":"cond-expr","locations":[{"start":{"line":40,"column":20},"end":{"line":40,"column":31}},{"start":{"line":40,"column":31},"end":{"line":40,"column":null}}],"line":40},"1":{"loc":{"start":{"line":78,"column":2},"end":{"line":80,"column":null}},"type":"if","locations":[{"start":{"line":78,"column":2},"end":{"line":80,"column":null}},{"start":{},"end":{}}],"line":78},"2":{"loc":{"start":{"line":78,"column":6},"end":{"line":78,"column":25}},
[...]
line":7,"column":null}},"2":{"start":{"line":9,"column":2},"end":{"line":18,"column":null}},"3":{"start":{"line":10,"column":10},"end":{"line":12,"column":null}},"4":{"start":{"line":11,"column":6},"end":{"line":11,"column":null}},"5":{"start":{"line":14,"column":4},"end":{"line":14,"column":null}},"6":{"start":{"line":15,"column":4},"end":{"line":17,"column":null}},"7":{"start":{"line":16,"column":6},"end":{"line":16,"column":null}},"8":{"start":{"line":20,"column":27},"end":{"line":31,"column":null}},"9":{"start":{"line":21,"column":4},"end":{"line":23,"column":null}},"10":{"start":{"line":22,"column":6},"end":{"line":22,"column":null}},"11":{"start":{"line":24,"column":4},"end":{"line":30,"column":null}},"12":{"start":{"line":25,"column":6},"end":{"line":25,"column":null}},"13":{"start":{"line":26,"column":6},"end":{"line":26,"column":null}},"14":{"start":{"line":28,"column":6},"end":{"line":28,"column":null}},"15":{"start":{"line":29,"column":6},"end":{"line":29,"column":null}},"16":{"start":{"line":33,"column":2},"end":{"line":33,"column":null}}},"fnMap":{"0":{"name":"(anonymous_0)","decl":{"start":{"line":4,"column":13},"end":{"line":4,"column":null}},"loc":{"start":{"line":6,"column":5},"end":{"line":34,"column":null}},"line":6},"1":{"name":"(anonymous_1)","decl":{"start":{"line":9,"column":2},"end":{"line":9,"column":18}},"loc":{"start":{"line":9,"column":18},"end":{"line":18,"column":5}},"line":9},"2":{"name":"(anonymous_2)","decl":{"start":{"line":10,"column":10},"end":{"line":10,"column":41}},"loc":{"start":{"line":10,"column":41},"end":{"line":12,"column":null}},"line":10},"3":{"name":"(anonymous_3)","decl":{"start":{"line":15,"column":4},"end":{"line":15,"column":17}},"loc":{"start":{"line":15,"column":17},"end":{"line":17,"column":null}},"line":15},"4":{"name":"(anonymous_4)","decl":{"start":{"line":20,"column":27},"end":{"line":20,"column":39}},"loc":{"start":{"line":20,"column":39},"end":{"line":31,"column":null}},"line":20}},"branchMap":{"0":{"loc":{"start":{"line":21,"column":4},"end":{"line":23,"column":null}},"type":"if","locations":[{"start":{"line":21,"column":4},"end":{"line":23,"column":null}},{"start":{},"end":{}}],"line":21},"1":{"loc":{"start":{"line":24,"column":4},"end":{"line":30,"column":null}},"type":"if","locations":[{"start":{"line":24,"column":4},"end":{"line":30,"column":null}},{"start":{"line":27,"column":11},"end":{"line":30,"column":null}}],"line":24}},"s":{"0":3,"1":16,"2":16,"3":7,"4":2,"5":7,"6":7,"7":7,"8":16,"9":3,"10":1,"11":2,"12":1,"13":1,"14":1,"15":1,"16":16},"f":{"0":16,"1":7,"2":2,"3":7,"4":3},"b":{"0":[1,2],"1":[1,1]},"meta":{"lastBranch":2,"lastFunction":5,"lastStatement":17,"seen":{"s:4:13:34:Infinity":0,"f:4:13:4:Infinity":0,"s:7:42:7:Infinity":1,"s:9:2:18:Infinity":2,"f:9:2:9:18":1,"s:10:10:12:Infinity":3,"f:10:10:10:41":2,"s:11:6:11:Infinity":4,"s:14:4:14:Infinity":5,"s:15:4:17:Infinity":6,"f:15:4:15:17":3,"s:16:6:16:Infinity":7,"s:20:27:31:Infinity":8,"f:20:27:20:39":4,"b:21:4:23:Infinity:undefined:undefined:undefined:undefined":0,"s:21:4:23:Infinity":9,"s:22:6:22:Infinity":10,"b:24:4:30:Infinity:27:11:30:Infinity":1,"s:24:4:30:Infinity":11,"s:25:6:25:Infinity":12,"s:26:6:26:Infinity":13,"s:28:6:28:Infinity":14,"s:29:6:29:Infinity":15,"s:33:2:33:Infinity":16},"fnNames":{}}}
,"/home/runner/work/videoStreamingService/videoStreamingService/apps/frontend/src/feature/video/hooks/useVideoReaction.ts": {"path":"/home/runner/work/videoStreamingService/videoStreamingService/apps/frontend/src/feature/video/hooks/useVideoReaction.ts","statementMap":{"0":{"start":{"line":9,"column":13},"end":{"line":41,"column":null}},"1":{"start":{"line":14,"column":32},"end":{"line":14,"column":null}},"2":{"start":{"line":15,"column":38},"end":{"line":15,"column":null}},"3":{"start":{"line":16,"column":36},"end":{"line":16,"column":null}},"4":{"start":{"line":18,"column":8},"end":{"line":24,"column":null}},"5":{"start":{"line":19,"column":4},"end":{"line":19,"column":null}},"6":{"start":{"line":20,"column":4},"end":{"line":20,"column":null}},"7":{"start":{"line":20,"column":28},"end":{"line":20,"column":58}},"8":{"start":{"line":21,"column":4},"end":{"line":23,"column":null}},"9":{"start":{"line":22,"column":6},"end":{"line":22,"column":null}},"10":{"start":{"line":26,"column":8},"end":{"line":32,"column":null}},"11":{"start":{"line":27,"column":4},"end":{"line":27,"column":null}},"12":{"start":{"line":28,"column":4},"end":{"line":31,"column":null}},"13":{"start":{"line":29,"column":6},"end":{"line":29,"column":null}},"14":{"start":{"line":30,"column":6},"end":{"line":30,"column":null}},"15":{"start":{"line":30,"column":29},"end":{"line":30,"column":37}},"16":{"start":{"line":34,"column":2},"end":{"line":40,"column":null}}},"fnMap":{"0":{"name":"(anonymous_0)","decl":{"start":{"line":9,"column":13},"end":{"line":9,"column":33}},"loc":{"start":{"line":13,"column":29},"end":{"line":41,"column":null}},"line":13},"1":{"name":"(anonymous_1)","decl":{"start":{"line":18,"column":8},"end":{"line":18,"column":33}},"loc":{"start":{"line":18,"column":33},"end":{"line":24,"column":null}},"line":18},"2":{"name":"(anonymous_2)","decl":{"start":{"line":20,"column":4},"end":{"line":20,"column":18}},"loc":{"start":{"line":20,"column":28},"end":{"line":20,"column":58}},"line":20},"3":{"name":"(anonymous_3)","decl":{"start":{"line":26,"column":8},"end":{"line":26,"column":36}},"loc":{"start":{"line":26,"column":36},"end":{"line":32,"column":null}},"line":26},"4":{"name":"(anonymous_4)","decl":{"start":{"line":30,"column":6},"end":{"line":30,"column":20}},"loc":{"start":{"line":30,"column":29},"end":{"line":30,"column":37}},"line":30}},"branchMap":{"0":{"loc":{"start":{"line":11,"column":2},"end":{"line":11,"column":null}},"type":"default-arg","locations":[{"start":{"line":11,"column":19},"end":{"line":11,"column":null}}],"line":11},"1":{"loc":{"start":{"line":12,"column":2},"end":{"line":12,"column":null}},"type":"default-arg","locations":[{"start":{"line":12,"column":22},"end":{"line":12,"column":null}}],"line":12},"2":{"loc":{"start":{"line":20,"column":28},"end":{"line":20,"column":58}},"type":"cond-expr","locations":[{"start":{"line":20,"column":38},"end":{"line":20,"column":49}},{"start":{"line":20,"column":49},"end":{"line":20,"column":58}}],"line":20},"3":{"loc":{"start":{"line":21,"column":4},"end":{"line":23,"column":null}},"type":"if","locations":[{"start":{"line":21,"column":4},"end":{"line":23,"column":null}},{"start":{},"end":{}}],"line":21},"4":{"loc":{"start":{"line":21,"column":8},"end":{"line":21,"column":32}},"type":"binary-expr","locations":[{"start":{"line":21,"column":8},"end":{"line":21,"column":20}},{"start":{"line":21,"column":20},"end":{"line":21,"column":32}}],"line":21},"5":{"loc":{"start":{"line":28,"column":4},"end":{"line":31,"column":null}},"type":"if","locations":[{"start":{"line":28,"column":4},"end":{"line":31,"column":null}},{"start":{},"end":{}}],"line":28},"6":{"loc":{"start":{"line":28,"column":8},"end":{"line":28,"column":32}},"type":"binary-expr","locations":[{"start":{"line":28,"column":8},"end":{"line":28,"column":23}},{"start":{"line":28,"column":23},"end":{"line":28,"column":32}}],"line":28}},"s":{"0":3,"1":16,"2":16,"3":16,"4":16,"5":4,"6":4,"7":4,"8":4,"9":1,"10":16,"11":3,"12":3,"13":2,"14":2,"15":2,"16":16},"f":{"0":16,"1":4,"2":4,"3":3,"4":2},"b":{"0":[16],"1":[16],"2":[1,3],"3":[1,3],"4":[4,3],"5":[2,1],"6":[3,2]},"meta":{"lastBranch":7,"lastFunction":5,"lastStatement":17,"seen":{"s:9:13:41:Infinity":0,"f:9:13:9:33":0,"b:11:19:11:Infinity":0,"b:12:22:12:Infinity":1,"s:14:32:14:Infinity":1,"s:15:38:15:Infinity":2,"s:16:36:16:Infinity":3,"s:18:8:24:Infinity":4,"f:18:8:18:33":1,"s:19:4:19:Infinity":5,"s:20:4:20:Infinity":6,"f:20:4:20:18":2,"s:20:28:20:58":7,"b:20:38:20:49:20:49:20:58":2,"b:21:4:23:Infinity:undefined:undefined:undefined:undefined":3,"s:21:4:23:Infinity":8,"b:21:8:21:20:21:20:21:32":4,"s:22:6:22:Infinity":9,"s:26:8:32:Infinity":10,"f:26:8:26:36":3,"s:27:4:27:Infinity":11,"b:28:4:31:Infinity:undefined:undefined:undefined:undefined":5,"s:28:4:31:Infinity":12,"b:28:8:28:23:28:23:28:32":6,"s:29:6:29:Infinity":13,"s:30:6:30:Infinity":14,"f:30:6:30:20":4,"s:30:29:30:37":15,"s:34:2:40:Infinity":16},"fnNames":{}}}
,"/home/runner/work/videoStreamingService/videoStreamingService/apps/frontend/src/feature/video/hooks/useVideoVolume.ts": {"path":"/home/runner/work/videoStreamingService/videoStreamingService/apps/frontend/src/feature/video/hooks/useVideoVolume.ts","statementMap":{"0":{"start":{"line":4,"column":6},"end":{"line":8,"column":null}},"1":{"start":{"line":5,"column":2},"end":{"line":7,"column":null}},"2":{"start":{"line":6,"column":4},"end":{"line":6,"column":null}},"3":{"start":{"line":10,"column":6},"end":{"line":14,"column":null}},"4":{"start":{"line":11,"column":2},"end":{"line":13,"column":null}},"5":{"start":{"line":12,"column":4},"end":{"line":12,"column":null}},"6":{"start":{"line":16,"column":13},"end":{"line":36,"column":null}},"7":{"start":{"line":19,"column":30},"end":{"line":19,"column":null}},"8":{"start":{"line":20,"column":32},"end":{"line":20,"column":null}},"9":{"start":{"line":22,"column":8},"end":{"line":25,"column":null}},"10":{"start":{"line":23,"column":4},"end":{"line":23,"column":null}},"11":{"start":{"line":24,"column":4},"end":{"line":24,"column":null}},"12":{"start":{"line":27,"column":8},"end":{"line":33,"column":null}},"13":{"start":{"line":28,"column":22},"end":{"line":28,"column":null}},"14":{"start":{"line":29,"column":4},"end":{"line":29,"column":null}},"15":{"start":{"line":30,"column":4},"end":{"line":30,"column":null}},"16":{"start":{"line":31,"column":4},"end":{"line":31,"column":null}},"17":{"start":{"line":32,"column":4},"end":{"line":32,"column":null}},"18":{"start":{"line":35,"column":2},"end":{"line":35,"column":null}}},"fnMap":{"0":{"name":"(anonymous_0)","decl":{"start":{"line":4,"column":6},"end":{"line":4,"column":24}},"loc":{"start":{"line":4,"column":69},"end":{"line":8,"column":null}},"line":4},"1":{"name":"(anonymous_1)","decl":{"start":{"line":10,"column":6},"end":{"line":10,"column":23}},"loc":{"start":{"line":10,"column":71},"end":{"line":14,"column":null}},"line":10},"2":{"name":"(anonymous_2)","decl":{"start":{"line":16,"column":13},"end":{"line":16,"column":null}},"loc":{"start":{"line":18,"column":5},"end":{"line":36,"column":null}},"line":18},"3":{"name":"(anonymous_3)","decl":{"start":{"line":22,"column":8},"end":{"line":22,"column":27}},"loc":{"start":{"line":22,"column":27},"end":{"line":25,"column":null}},"line":22},"4":{"name":"(anonymous_4)","decl":{"start":{"line":27,"column":8},"end":{"line":27,"column":30}},"loc":{"start":{"line":27,"column":67},"end":{"line":33,"column":null}},"line":27}},"branchMap":{"0":{"loc":{"start":{"line":5,"column":2},"end":{"line":7,"column":null}},"type":"if","locations":[{"start":{"line":5,"column":2},"end":{"line":7,"column":null}},{"start":{},"end":{}}],"line":5},"1":{"loc":{"start":{"line":11,"column":2},"end":{"line":13,"column":null}},"type":"if","locations":[{"start":{"line":11,"column":2},"end":{"line":13,"column":null}},{"start":{},"end":{}}],"line":11}},"s":{"0":3,"1":3,"2":2,"3":3,"4":6,"5":4,"6":3,"7":17,"8":17,"9":17,"10":3,"11":3,"12":17,"13":3,"14":3,"15":3,"16":3,"17":3,"18":17},"f":{"0":3,"1":6,"2":17,"3":3,"4":3},"b":{"0":[2,1],"1":[4,2]},"meta":{"lastBranch":2,"lastFunction":5,"lastStatement":19,"seen":{"s:4:6:8:Infinity":0,"f:4:6:4:24":0,"b:5:2:7:Infinity:undefined:undefined:undefined:undefined":0,"s:5:2:7:Infinity":1,"s:6:4:6:Infinity":2,"s:10:6:14:Infinity":3,"f:10:6:10:23":1,"b:11:2:13:Infinity:undefined:undefined:undefined:undefined":1,"s:11:2:13:Infinity":4,"s:12:4:12:Infinity":5,"s:16:13:36:Infinity":6,"f:16:13:16:Infinity":2,"s:19:30:19:Infinity":7,"s:20:32:20:Infinity":8,"s:22:8:25:Infinity":9,"f:22:8:22:27":3,"s:23:4:23:Infinity":10,"s:24:4:24:Infinity":11,"s:27:8:33:Infinity":12,"f:27:8:27:30":4,"s:28:22:28:Infinity":13,"s:29:4:29:Infinity":14,"s:30:4:30:Infinity":15,"s:31:4:31:Infinity":16,"s:32:4:32:Infinity":17,"s:35:2:35:Infinity":18},"fnNames":{}}}
,"/home/runner/work/videoStreamingService/videoStreamingService/apps/frontend/src/lib/utils.ts": {"path":"/home/runner/work/videoStreamingService/videoStreamingService/apps/frontend/src/lib/utils.ts","statementMap":{"0":{"start":{"line":3,"column":18},"end":{"line":3,"column":null}}},"fnMap":{},"branchMap":{},"s":{"0":37},"f":{},"b":{},"meta":{"lastBranch":0,"lastFunction":0,"lastStatement":1,"seen":{"s:3:18:3:Infinity":0},"fnNames":{}}}
,"/home/runner/work/videoStreamingService/videoStreamingService/apps/frontend/src/util/clientEnv.ts": {"path":"/home/runner/work/videoStreamingService/videoStreamingService/apps/frontend/src/util/clientEnv.ts","statementMap":{"0":{"start":{"line":3,"column":18},"end":{"line":6,"column":null}},"1":{"start":{"line":8,"column":13},"end":{"line":22,"column":null}},"2":{"start":{"line":9,"column":17},"end":{"line":9,"column":null}},"3":{"start":{"line":11,"column":2},"end":{"line":20,"column":null}},"4":{"start":{"line":12,"column":4},"end":{"line":12,"column":null}},"5":{"start":{"line":13,"column":21},"end":{"line":17,"column":null}},"6":{"start":{"line":16,"column":6},"end":{"line":16,"column":null}},"7":{"start":{"line":19,"column":4},"end":{"line":19,"column":null}},"8":{"start":{"line":21,"column":2},"end":{"line":21,"column":null}}},"fnMap":{"0":{"name":"(anonymous_0)","decl":{"start":{"line":8,"column":13},"end":{"line":8,"column":28}},"loc":{"start":{"line":8,"column":28},"end":{"line":22,"column":null}},"line":8},"1":{"name":"(anonymous_1)","decl":{"start":{"line":13,"column":41},"end":{"line":13,"column":46}},"loc":{"start":{"line":13,"column":56},"end":{"line":17,"column":5}},"line":13}},"branchMap":{"0":{"loc":{"start":{"line":11,"column":2},"end":{"line":20,"column":null}},"type":"if","locations":[{"start":{"line":11,"column":2},"end":{"line":20,"column":null}},{"start":{},"end":{}}],"line":11}},"s":{"0":6,"1":6,"2":13,"3":13,"4":2,"5":2,"6":3,"7":2,"8":11},"f":{"0":13,"1":3},"b":{"0":[2,11]},"meta":{"lastBranch":1,"lastFunction":2,"lastStatement":9,"seen":{"s:3:18:6:Infinity":0,"s:8:13:22:Infinity":1,"f:8:13:8:28":0,"s:9:17:9:Infinity":2,"b:11:2:20:Infinity:undefined:undefined:undefined:undefined":0,"s:11:2:20:Infinity":3,"s:12:4:12:Infinity":4,"s:13:21:17:Infinity":5,"f:13:41:13:46":1,"s:16:6:16:Infinity":6,"s:19:4:19:Infinity":7,"s:21:2:21:Infinity":8},"fnNames":{}}}
,"/home/runner/work/videoStreamingService/videoStreamingService/apps/frontend/src/util/env.ts": {"path":"/home/runner/work/videoStreamingService/videoStreamingService/apps/frontend/src/util/env.ts","statementMap":{"0":{"start":{"line":3,"column":18},"end":{"line":11,"column":null}},"1":{"start":{"line":13,"column":13},"end":{"line":27,"column":null}},"2":{"start":{"line":14,"column":17},"end":{"line":14,"column":null}},"3":{"start":{"line":16,"column":2},"end":{"line":25,"column":null}},"4":{"start":{"line":17,"column":4},"end":{"line":17,"column":null}},"5":{"start":{"line":18,"column":21},"end":{"line":22,"column":null}},"6":{"start":{"line":21,"column":6},"end":{"line":21,"column":null}},"7":{"start":{"line":24,"column":4},"end":{"line":24,"column":null}},"8":{"start":{"line":26,"column":2},"end":{"line":26,"column":null}}},"fnMap":{"0":{"name":"(anonymous_0)","decl":{"start":{"line":13,"column":13},"end":{"line":13,"column":28}},"loc":{"start":{"line":13,"column":28},"end":{"line":27,"column":null}},"line":13},"1":{"name":"(anonymous_1)","decl":{"start":{"line":18,"column":41},"end":{"line":18,"column":46}},"loc":{"start":{"line":18,"column":56},"end":{"line":22,"column":5}},"line":18}},"branchMap":{"0":{"loc":{"start":{"line":16,"column":2},"end":{"line":25,"column":null}},"type":"if","locations":[{"start":{"line":16,"column":2},"end":{"line":25,"column":null}},{"start":{},"end":{}}],"line":16}},"s":{"0":5,"1":5,"2":4,"3":4,"4":2,"5":2,"6":2,"7":2,"8":2},"f":{"0":4,"1":2},"b":{"0":[2,2]},"meta":{"lastBranch":1,"lastFunction":2,"lastStatement":9,"seen":{"s:3:18:11:Infinity":0,"s:13:13:27:Infinity":1,"f:13:13:13:28":0,"s:14:17:14:Infinity":2,"b:16:2:25:Infinity:undefined:undefined:undefined:undefined":0,"s:16:2:25:Infinity":3,"s:17:4:17:Infinity":4,"s:18:21:22:Infinity":5,"f:18:41:18:46":1,"s:21:6:21:Infinity":6,"s:24:4:24:Infinity":7,"s:26:2:26:Infinity":8},"fnNames":{}}}
,"/home/runner/work/videoStreamingService/videoStreamingService/apps/frontend/src/util/format.ts": {"path":"/home/runner/work/videoStreamingService/videoStreamingService/apps/frontend/src/util/format.ts","statementMap":{"0":{"start":{"line":1,"column":13},"end":{"line":16,"column":null}},"1":{"start":{"line":2,"column":2},"end":{"line":4,"column":null}},"2":{"start":{"line":3,"column":4},"end":{"line":3,"column":null}},"3":{"start":{"line":5,"column":23},"end":{"line":5,"column":null}},"4":{"start":{"line":6,"column":16},"end":{"line":6,"column":null}},"5":{"start":{"line":7,"column":18},"end":{"line":7,"column":null}},"6":{"start":{"line":8,"column":18},"end":{"line":8,"column":null}},"7":{"start":{"line":10,"column":8},"end":{"line":10,"column":null}},"8":{"start":{"line":10,"column":29},"end":{"line":10,"column":null}},"9":{"start":{"line":12,"column":2},"end":{"line":14,"column":null}},"10":{"start":{"line":13,"column":4},"end":{"line":13,"column":null}},"11":{"start":{"line":15,"column":2},"end":{"line":15,"column":null}}},"fnMap":{"0":{"name":"(anonymous_0)","decl":{"start":{"line":1,"column":13},"end":{"line":1,"column":31}},"loc":{"start":{"line":1,"column":62},"end":{"line":16,"column":null}},"line":1},"1":{"name":"(anonymous_1)","decl":{"start":{"line":10,"column":8},"end":{"line":10,"column":15}},"loc":{"start":{"line":10,"column":29},"end":{"line":10,"column":null}},"line":10}},"branchMap":{"0":{"loc":{"start":{"line":2,"column":2},"end":{"line":4,"column":null}},"type":"if","locations":[{"start":{"line":2,"column":2},"end":{"line":4,"column":null}},{"start":{},"end":{}}],"line":2},"1":{"loc":{"start":{"line":2,"column":6},"end":{"line":2,"column":63}},"type":"binary-expr","locations":[{"start":{"line":2,"column":6},"end":{"line":2,"column":21}},{"start":{"line":2,"column":21},"end":{"line":2,"column":41}},{"start":{"line":2,"column":41},"end":{"line":2,"column":54}},{"start":{"line":2,"column":54},"end":{"line":2,"column":63}}],"line":2},"2":{"loc":{"start":{"line":12,"column":2},"end":{"line":14,"column":null}},"type":"if","locations":[{"start":{"line":12,"column":2},"end":{"line":14,"column":null}},{"start":{},"end":{}}],"line":12}},"s":{"0":6,"1":17,"2":5,"3":12,"4":12,"5":12,"6":12,"7":12,"8":15,"9":12,"10":3,"11":9},"f":{"0":17,"1":15},"b":{"0":[5,12],"1":[17,16,15,14],"2":[3,9]},"meta":{"lastBranch":3,"lastFunction":2,"lastStatement":12,"seen":{"s:1:13:16:Infinity":0,"f:1:13:1:31":0,"b:2:2:4:Infinity:undefined:undefined:undefined:undefined":0,"s:2:2:4:Infinity":1,"b:2:6:2:21:2:21:2:41:2:41:2:54:2:54:2:63":1,"s:3:4:3:Infinity":2,"s:5:23:5:Infinity":3,"s:6:16:6:Infinity":4,"s:7:18:7:Infinity":5,"s:8:18:8:Infinity":6,"s:10:8:10:Infinity":7,"f:10:8:10:15":1,"s:10:29:10:Infinity":8,"b:12:2:14:Infinity:undefined:undefined:undefined:undefined":2,"s:12:2:14:Infinity":9,"s:13:4:13:Infinity":10,"s:15:2:15:Infinity":11},"fnNames":{}}}
,"/home/runner/work/videoStreamingService/videoStreamingService/apps/frontend/src/util/parseFormData.ts": {"path":"/home/runner/work/videoStreamingService/videoStreamingService/apps/frontend/src/util/parseFormData.ts","statementMap":{"0":{"start":{"line":5,"column":13},"end":{"line":10,"column":null}},"1":{"start":{"line":9,"column":2},"end":{"line":9,"column":null}}},"fnMap":{"0":{"name":"(anonymous_0)","decl":{"start":{"line":5,"column":13},"end":{"line":5,"column":null}},"loc":{"start":{"line":8,"column":5},"end":{"line":10,"column":null}},"line":8}},"branchMap":{},"s":{"0":1,"1":2},"f":{"0":2},"b":{},"meta":{"lastBranch":0,"lastFunction":1,"lastStatement":2,"seen":{"s:5:13:10:Infinity":0,"f:5:13:5:Infinity":0,"s:9:2:9:Infinity":1},"fnNames":{}}}
}
